<?xml version="1.0" encoding="UTF-8"?>
<testsuite xmlns:xsi="http://www.w3.org/2001/XMLSchema-instance" xsi:noNamespaceSchemaLocation="https://maven.apache.org/surefire/maven-surefire-plugin/xsd/surefire-test-report-3.0.xsd" version="3.0" name="org.udea.parabank.ContactListTestRunner" time="8.723" tests="7" errors="0" skipped="0" failures="2">
  <properties>
[...]
</properties>
  <testcase name="[1:27] Crear contacto exitosamente con datos válidos" classname="org/udea/parabank/create-contact" time="1.94">
    <system-out><![CDATA[18:41:59.860 [main] DEBUG com.intuit.karate.Suite - [config] classpath:karate-config.js
18:42:00.842 [main] DEBUG com.intuit.karate - request:
1 > POST https://thinking-tester-contact-list.herokuapp.com/users/login
1 > Accept: application/json
1 > Content-Type: application/json; charset=UTF-8
1 > Content-Length: 57
1 > Host: thinking-tester-contact-list.herokuapp.com
1 > Connection: Keep-Alive
1 > User-Agent: Apache-HttpClient/4.5.13 (Java/17.0.6)
1 > Accept-Encoding: gzip,deflate
{"email":"andresprueba@hotmail.com","password":"1234567"}

18:42:01.467 [main] DEBUG com.intuit.karate - response time in milliseconds: 618
1 < 200
1 < Server: Cowboy
1 < Report-To: {"group":"heroku-nel","max_age":3600,"endpoints":[{"url":"https://nel.heroku.com/reports?ts=1750981320&sid=af571f24-03ee-46d1-9f90-ab9030c2c74c&s=n4gXH%2Fb9t3ORO%2Fi73%2FackLGw3go0GSr%2BYNKnWgs%2BwEs%3D"}]}
1 < Reporting-Endpoints: heroku-nel=https://nel.heroku.com/reports?ts=1750981320&sid=af571f24-03ee-46d1-9f90-ab9030c2c74c&s=n4gXH%2Fb9t3ORO%2Fi73%2FackLGw3go0GSr%2BYNKnWgs%2BwEs%3D
1 < Nel: {"report_to":"heroku-nel","max_age":3600,"success_fraction":0.005,"failure_fraction":0.05,"response_headers":["Via"]}
1 < Connection: keep-alive
1 < X-Powered-By: Express
1 < Set-Cookie: token=eyJhbGciOiJIUzI1NiIsInR5cCI6IkpXVCJ9.eyJfaWQiOiI2ODViNTE1NDlhMTY1ODAwMTUwY2FlYzMiLCJpYXQiOjE3NTA5ODEzMjB9.VW2Ky8t8BljBQ9NnNLNk3iSkjjzGKtl6Fs-OJ1LPIsA; Max-Age=36000; Path=/; Expires=Fri, 27 Jun 2025 09:42:00 GMT
1 < Content-Type: application/json; charset=utf-8
1 < Content-Length: 293
1 < Etag: W/"125-X1g88lfxRGhpbovYwcvYFphqNnE"
1 < Date: Thu, 26 Jun 2025 23:42:01 GMT
1 < Via: 1.1 vegur
{"user":{"_id":"685b51549a165800150caec3","firstName":"Andres","lastName":"Guillermo","email":"andresprueba@hotmail.com","__v":1269},"token":"eyJhbGciOiJIUzI1NiIsInR5cCI6IkpXVCJ9.eyJfaWQiOiI2ODViNTE1NDlhMTY1ODAwMTUwY2FlYzMiLCJpYXQiOjE3NTA5ODEzMjB9.VW2Ky8t8BljBQ9NnNLNk3iSkjjzGKtl6Fs-OJ1LPIsA"}

18:42:01.475 [main] INFO  com.intuit.karate - [print] Token obtenido: eyJhbGciOiJIUzI1NiIsInR5cCI6IkpXVCJ9.eyJfaWQiOiI2ODViNTE1NDlhMTY1ODAwMTUwY2FlYzMiLCJpYXQiOjE3NTA5ODEzMjB9.VW2Ky8t8BljBQ9NnNLNk3iSkjjzGKtl6Fs-OJ1LPIsA 
18:42:01.489 [main] DEBUG com.intuit.karate - request:
2 > POST https://thinking-tester-contact-list.herokuapp.com/contacts
2 > Accept: application/json
2 > Content-Type: application/json; charset=UTF-8
2 > Authorization: Bearer eyJhbGciOiJIUzI1NiIsInR5cCI6IkpXVCJ9.eyJfaWQiOiI2ODViNTE1NDlhMTY1ODAwMTUwY2FlYzMiLCJpYXQiOjE3NTA5ODEzMjB9.VW2Ky8t8BljBQ9NnNLNk3iSkjjzGKtl6Fs-OJ1LPIsA
2 > Cookie: token=eyJhbGciOiJIUzI1NiIsInR5cCI6IkpXVCJ9.eyJfaWQiOiI2ODViNTE1NDlhMTY1ODAwMTUwY2FlYzMiLCJpYXQiOjE3NTA5ODEzMjB9.VW2Ky8t8BljBQ9NnNLNk3iSkjjzGKtl6Fs-OJ1LPIsA
2 > Content-Length: 250
2 > Host: thinking-tester-contact-list.herokuapp.com
2 > Connection: Keep-Alive
2 > User-Agent: Apache-HttpClient/4.5.13 (Java/17.0.6)
2 > Accept-Encoding: gzip,deflate
{"firstName":"Juan","lastName":"Pérez","birthdate":"1990-05-15","email":"test_1750981321483@karate.com","phone":"123456789","street1":"123 Main St","street2":"Apt 2B","city":"Madrid","stateProvince":"Madrid","postalCode":"28001","country":"España"}

18:42:01.821 [main] INFO  com.intuit.karate - [print] Contacto creado con ID: 685ddac91f03bf00153ef421 
]]></system-out>
  </testcase>
  <testcase name="[2:58] Contacto creado aparece en la lista de contactos" classname="org/udea/parabank/create-contact" time="1.267">
    <system-out><![CDATA[18:42:01.835 [main] DEBUG com.intuit.karate - request:
1 > POST https://thinking-tester-contact-list.herokuapp.com/users/login
1 > Accept: application/json
1 > Content-Type: application/json; charset=UTF-8
1 > Content-Length: 57
1 > Host: thinking-tester-contact-list.herokuapp.com
1 > Connection: Keep-Alive
1 > User-Agent: Apache-HttpClient/4.5.13 (Java/17.0.6)
1 > Accept-Encoding: gzip,deflate
{"email":"andresprueba@hotmail.com","password":"1234567"}

18:42:02.220 [main] DEBUG com.intuit.karate - response time in milliseconds: 385
1 < 200
1 < Server: Cowboy
1 < Report-To: {"group":"heroku-nel","max_age":3600,"endpoints":[{"url":"https://nel.heroku.com/reports?ts=1750981321&sid=af571f24-03ee-46d1-9f90-ab9030c2c74c&s=16vM02WezRraNSds3gOqS7kIR0hrYCDzv6%2FY6kK9wiw%3D"}]}
1 < Reporting-Endpoints: heroku-nel=https://nel.heroku.com/reports?ts=1750981321&sid=af571f24-03ee-46d1-9f90-ab9030c2c74c&s=16vM02WezRraNSds3gOqS7kIR0hrYCDzv6%2FY6kK9wiw%3D
1 < Nel: {"report_to":"heroku-nel","max_age":3600,"success_fraction":0.005,"failure_fraction":0.05,"response_headers":["Via"]}
1 < Connection: keep-alive
1 < X-Powered-By: Express
1 < Set-Cookie: token=eyJhbGciOiJIUzI1NiIsInR5cCI6IkpXVCJ9.eyJfaWQiOiI2ODViNTE1NDlhMTY1ODAwMTUwY2FlYzMiLCJpYXQiOjE3NTA5ODEzMjF9.vH1zfBZJPYJ_n4bEwolChrua4gGLwJn1TvZyVSnIlVo; Max-Age=36000; Path=/; Expires=Fri, 27 Jun 2025 09:42:01 GMT
1 < Content-Type: application/json; charset=utf-8
1 < Content-Length: 293
1 < Etag: W/"125-hlqCCTVxaTr2VflxU/8yn4n/uIQ"
1 < Date: Thu, 26 Jun 2025 23:42:01 GMT
1 < Via: 1.1 vegur
{"user":{"_id":"685b51549a165800150caec3","firstName":"Andres","lastName":"Guillermo","email":"andresprueba@hotmail.com","__v":1270},"token":"eyJhbGciOiJIUzI1NiIsInR5cCI6IkpXVCJ9.eyJfaWQiOiI2ODViNTE1NDlhMTY1ODAwMTUwY2FlYzMiLCJpYXQiOjE3NTA5ODEzMjF9.vH1zfBZJPYJ_n4bEwolChrua4gGLwJn1TvZyVSnIlVo"}

18:42:02.222 [main] INFO  com.intuit.karate - [print] Token obtenido: eyJhbGciOiJIUzI1NiIsInR5cCI6IkpXVCJ9.eyJfaWQiOiI2ODViNTE1NDlhMTY1ODAwMTUwY2FlYzMiLCJpYXQiOjE3NTA5ODEzMjF9.vH1zfBZJPYJ_n4bEwolChrua4gGLwJn1TvZyVSnIlVo 
18:42:02.226 [main] DEBUG com.intuit.karate - request:
2 > POST https://thinking-tester-contact-list.herokuapp.com/contacts
2 > Accept: application/json
2 > Content-Type: application/json; charset=UTF-8
2 > Authorization: Bearer eyJhbGciOiJIUzI1NiIsInR5cCI6IkpXVCJ9.eyJfaWQiOiI2ODViNTE1NDlhMTY1ODAwMTUwY2FlYzMiLCJpYXQiOjE3NTA5ODEzMjF9.vH1zfBZJPYJ_n4bEwolChrua4gGLwJn1TvZyVSnIlVo
2 > Cookie: token=eyJhbGciOiJIUzI1NiIsInR5cCI6IkpXVCJ9.eyJfaWQiOiI2ODViNTE1NDlhMTY1ODAwMTUwY2FlYzMiLCJpYXQiOjE3NTA5ODEzMjF9.vH1zfBZJPYJ_n4bEwolChrua4gGLwJn1TvZyVSnIlVo
2 > Content-Length: 267
2 > Host: thinking-tester-contact-list.herokuapp.com
2 > Connection: Keep-Alive
2 > User-Agent: Apache-HttpClient/4.5.13 (Java/17.0.6)
2 > Accept-Encoding: gzip,deflate
{"firstName":"María","lastName":"García","birthdate":"1985-08-20","email":"list_test_1750981322225@karate.com","phone":"987654321","street1":"456 Oak Ave","street2":"Suite 100","city":"Barcelona","stateProvince":"Cataluña","postalCode":"08001","country":"España"}

18:42:02.500 [main] DEBUG com.intuit.karate - request:
3 > GET https://thinking-tester-contact-list.herokuapp.com/contacts
3 > Accept: application/json
3 > Content-Type: application/json
3 > Authorization: Bearer eyJhbGciOiJIUzI1NiIsInR5cCI6IkpXVCJ9.eyJfaWQiOiI2ODViNTE1NDlhMTY1ODAwMTUwY2FlYzMiLCJpYXQiOjE3NTA5ODEzMjF9.vH1zfBZJPYJ_n4bEwolChrua4gGLwJn1TvZyVSnIlVo
3 > Cookie: token=eyJhbGciOiJIUzI1NiIsInR5cCI6IkpXVCJ9.eyJfaWQiOiI2ODViNTE1NDlhMTY1ODAwMTUwY2FlYzMiLCJpYXQiOjE3NTA5ODEzMjF9.vH1zfBZJPYJ_n4bEwolChrua4gGLwJn1TvZyVSnIlVo
3 > Host: thinking-tester-contact-list.herokuapp.com
3 > Connection: Keep-Alive
3 > User-Agent: Apache-HttpClient/4.5.13 (Java/17.0.6)
3 > Accept-Encoding: gzip,deflate


18:42:03.064 [main] DEBUG com.intuit.karate - response time in milliseconds: 564
3 < 200
3 < Server: Cowboy
3 < Report-To: {"group":"heroku-nel","max_age":3600,"endpoints":[{"url":"https://nel.heroku.com/reports?ts=1750981322&sid=af571f24-03ee-46d1-9f90-ab9030c2c74c&s=8fwJjdmwocfUA%2FyiPjriNe4BzwRHhZQ%2BZ5l6x3iXdf0%3D"}]}
3 < Reporting-Endpoints: heroku-nel=https://nel.heroku.com/reports?ts=1750981322&sid=af571f24-03ee-46d1-9f90-ab9030c2c74c&s=8fwJjdmwocfUA%2FyiPjriNe4BzwRHhZQ%2BZ5l6x3iXdf0%3D
3 < Nel: {"report_to":"heroku-nel","max_age":3600,"success_fraction":0.005,"failure_fraction":0.05,"response_headers":["Via"]}
3 < Connection: keep-alive
3 < X-Powered-By: Express
3 < Content-Type: application/json; charset=utf-8
3 < Content-Length: 141791
3 < Etag: W/"229df-RRkVHlM1fDS+0MZKxmBgWt5TkN0"
3 < Date: Thu, 26 Jun 2025 23:42:02 GMT
3 < Via: 1.1 vegur
[{"_id":"685dd920db9fd00015ca3366","firstName":"Wes","lastName":"Block","birthdate":"1990-01-01","email":"annelle.hermann@hotmail.com","phone":"1-887-357-5614","street1":"123 Faker St","street2":"Apt 1","city":"South Horace","stateProvince":"TestState","postalCode":"12345","country":"TestCountry","owner":"685b51549a165800150caec3","__v":0},{"_id":"685dd844db9fd00015ca31f8","firstName":"Primer","lastName":"Contacto","birthdate":"1990-01-01","email":"duplicate_1750980676605@test.com","phone":"123456789","street1":"123 First St","street2":"Apt 1","city":"FirstCity","stateProvince":"FirstState","postalCode":"12345","country":"FirstCountry","owner":"685b51549a165800150caec3","__v":0},{"_id":"685dd8c91f03bf00153ef3f1","firstName":"Primer","lastName":"Contacto","birthdate":"1990-01-01","email":"duplicate_1750980809925@test.com","phone":"123456789","street1":"123 First St","street2":"Apt 1","city":"FirstCity","stateProvince":"FirstState","postalCode":"12345","country":"FirstCountry","owner":"685b51549a165800150caec3","__v":0},{"_id":"685dd8e71f03bf00153ef3f7","firstName":"Primer","lastName":"Contacto","birthdate":"1990-01-01","email":"duplicate_1750980839994@test.com","phone":"123456789","street1":"123 First St","street2":"Apt 1","city":"FirstCity","stateProvince":"FirstState","postalCode":"12345","country":"FirstCountry","owner":"685b51549a165800150caec3","__v":0},{"_id":"685dd91fdb9fd00015ca3365","firstName":"Primer","lastName":"Contacto","birthdate":"1990-01-01","email":"duplicate_1750980895480@test.com","phone":"123456789","street1":"123 First St","street2":"Apt 1","city":"FirstCity","stateProvince":"FirstState","postalCode":"12345","country":"FirstCountry","owner":"685b51549a165800150caec3","__v":0},{"_id":"685dd9cd1f03bf00153ef40a","firstName":"Primer","lastName":"Contacto","birthdate":"1990-01-01","email":"duplicate_1750981070178@test.com","phone":"123456789","street1":"123 First St","street2":"Apt 1","city":"FirstCity","stateProvince":"FirstState","postalCode":"12345","country":"FirstCountry","owner":"685b51549a165800150caec3","__v":0},{"_id":"685dda371f03bf00153ef414","firstName":"Primer","lastName":"Contacto","birthdate":"1990-01-01","email":"duplicate_1750981175799@test.com","phone":"123456789","street1":"123 First St","street2":"Apt 1","city":"FirstCity","stateProvince":"FirstState","postalCode":"12345","country":"FirstCountry","owner":"685b51549a165800150caec3","__v":0},{"_id":"685dda7d1f03bf00153ef41d","firstName":"Primer","lastName":"Contacto","birthdate":"1990-01-01","email":"duplicate_1750981245661@test.com","phone":"123456789","street1":"123 First St","street2":"Apt 1","city":"FirstCity","stateProvince":"FirstState","postalCode":"12345","country":"FirstCountry","owner":"685b51549a165800150caec3","__v":0},{"_id":"685dd8cadb9fd00015ca3357","firstName":"Segundo","lastName":"Contacto","birthdate":"1991-02-02","email":"duplicate_1750980809925@test.com","phone":"987654321","street1":"456 Second St","street2":"Apt 2","city":"SecondCity","stateProvince":"SecondState","postalCode":"54321","country":"SecondCountry","owner":"685b51549a165800150caec3","__v":0},{"_id":"685dd8e8db9fd00015ca335d","firstName":"Segundo","lastName":"Contacto","birthdate":"1991-02-02","email":"duplicate_1750980839994@test.com","phone":"987654321","street1":"456 Second St","street2":"Apt 2","city":"SecondCity","stateProvince":"SecondState","postalCode":"54321","country":"SecondCountry","owner":"685b51549a165800150caec3","__v":0},{"_id":"685dd9cedb9fd00015ca336e","firstName":"Segundo","lastName":"Contacto","birthdate":"1991-02-02","email":"duplicate_1750981070178@test.com","phone":"987654321","street1":"456 Second St","street2":"Apt 2","city":"SecondCity","stateProvince":"SecondState","postalCode":"54321","country":"SecondCountry","owner":"685b51549a165800150caec3","__v":0},{"_id":"685dda37db9fd00015ca3377","firstName":"Segundo","lastName":"Contacto","birthdate":"1991-02-02","email":"duplicate_1750981175799@test.com","phone":"987654321","street1":"456 Second St","street2":"Apt 2","city":"SecondCity","stateProvince":"SecondState","postalCode":"54321","country":"SecondCountry","owner":"685b51549a165800150caec3","__v":0},{"_id":"685dda7d1f03bf00153ef41e","firstName":"Segundo","lastName":"Contacto","birthdate":"1991-02-02","email":"duplicate_1750981245661@test.com","phone":"987654321","street1":"456 Second St","street2":"Apt 2","city":"SecondCity","stateProvince":"SecondState","postalCode":"54321","country":"SecondCountry","owner":"685b51549a165800150caec3","__v":0},{"_id":"685b609c18142400152af95b","firstName":"John","lastName":"Doe","birthdate":"1970-01-01","email":"jdoe@fake.com","phone":"8005555555","street1":"1 Main St.","street2":"Apartment A","city":"Anytown","stateProvince":"KS","postalCode":"12345","country":"USA","owner":"685b51549a165800150caec3","__v":0},{"_id":"685b60a018142400152af95c","firstName":"John","lastName":"Doe","birthdate":"1970-01-01","email":"jdoe@fake.com","phone":"8005555555","street1":"1 Main St.","street2":"Apartment A","city":"Anytown","stateProvince":"KS","postalCode":"12345","country":"USA","owner":"685b51549a165800150caec3","__v":0},{"_id":"685b548a9a165800150caf38","firstName":"Ana","lastName":"Fernández","email":"contact9880@test20.com","phone":"555123456","birthdate":"1990-01-15","owner":"685b51549a165800150caec3","__v":0},{"_id":"685b54b59a165800150cb11b","firstName":"Ana","lastName":"Fernández","email":"contact3119@test53.com","phone":"111222333","birthdate":"1992-11-08","owner":"685b51549a165800150caec3","__v":0},{"_id":"685b54b618142400152aec4e","firstName":"Ana","lastName":"Fernández","email":"contact2609@test64.com","phone":"123456789","birthdate":"1993-04-18","owner":"685b51549a165800150caec3","__v":0},{"_id":"685b54b79a165800150cb12a","firstName":"Ana","lastName":"Fernández","email":"contact807@test69.com","phone":"123456789","birthdate":"1988-03-14","owner":"685b51549a165800150caec3","__v":0},{"_id":"685b61679a165800150cbf2c","firstName":"Ana","lastName":"Fernández","birthdate":"1988-03-14","email":"contact7898@test89.com","phone":"987654321","street1":"258 Willow Way","street2":"Unit C","city":"Palma","stateProvince":"Galicia","postalCode":"08001","country":"ES","owner":"685b51549a165800150caec3","__v":0},{"_id":"685b626a18142400152afa48","firstName":"Ana","lastName":"Fernández","birthdate":"1988-03-14","email":"contact3400@test22.com","phone":"987654321","street1":"654 Maple Dr","street2":"Suite 300","city":"Sevilla","stateProvince":"Andalucía","postalCode":"48001","country":"Colombia","owner":"685b51549a165800150caec3","__v":0},{"_id":"685b54839a165800150caefa","firstName":"Carlos","lastName":"Fernández","email":"contact7671@test84.com","phone":"777456789","birthdate":"1985-06-22","owner":"685b51549a165800150caec3","__v":0},{"_id":"685b54ae9a165800150cb0d4","firstName":"Carlos","lastName":"Fernández","email":"contact8706@test67.com","phone":"123456789","birthdate":"1989-10-12","owner":"685b51549a165800150caec3","__v":0},{"_id":"685b54b718142400152aec5c","firstName":"Carlos","lastName":"Fernández","email":"contact3272@test45.com","phone":"888123456","birthdate":"1993-04-18","owner":"685b51549a165800150caec3","__v":0},{"_id":"685b54bb18142400152aec79","firstName":"Carlos","lastName":"Fernández","email":"contact1678@test72.com","phone":"987654321","birthdate":"1989-10-12","owner":"685b51549a165800150caec3","__v":0},{"_id":"685b54bc18142400152aec7b","firstName":"Carlos","lastName":"Fernández","email":"contact8674@test25.com","phone":"777456789","birthdate":"1987-12-05","owner":"685b51549a165800150caec3","__v":0},{"_id":"685b548f18142400152aeacc","firstName":"Carmen","lastName":"Fernández","email":"contact3600@test95.com","phone":"777888999","birthdate":"1990-01-15","owner":"685b51549a165800150caec3","__v":0},{"_id":"685b54b918142400152aec66","firstName":"Carmen","lastName":"Fernández","email":"contact1901@test79.com","phone":"123456789","birthdate":"1987-12-05","owner":"685b51549a165800150caec3","__v":0},{"_id":"685b626f9a165800150cbfb8","firstName":"Carmen","lastName":"Fernández","birthdate":"1993-04-18","email":"contact728@test39.com","phone":"888123456","street1":"258 Willow Way","street2":"Floor 3","city":"Barcelona","stateProvince":"Canarias","postalCode":"35001","country":"Venezuela","owner":"685b51549a165800150caec3","__v":0},{"_id":"685b627118142400152afa8f","firstName":"Carmen","lastName":"Fernández","birthdate":"1988-03-14","email":"contact9281@test37.com","phone":"777888999","street1":"369 Spruce Blvd","street2":"Unit D","city":"Sevilla","stateProvince":"Andalucía","postalCode":"50001","country":"Colombia","owner":"685b51549a165800150caec3","__v":0},{"_id":"685b63b29a165800150cc1c6","firstName":"Carmen","lastName":"Fernández","birthdate":"1989-10-12","email":"contact4169@test11.com","phone":"777456789","street1":"123 Main St","street2":"Floor 3","city":"Las Palmas","stateProvince":"Valencia","postalCode":"29001","country":"Mexico","owner":"685b51549a165800150caec3","__v":0},{"_id":"685b54ab9a165800150cb0b4","firstName":"Elena","lastName":"Fernández","email":"contact2573@test40.com","phone":"123456789","birthdate":"1987-12-05","owner":"685b51549a165800150caec3","__v":0},{"_id":"685b54b19a165800150cb0f6","firstName":"Elena","lastName":"Fernández","email":"contact2479@test47.com","phone":"888123456","birthdate":"1991-07-30","owner":"685b51549a165800150caec3","__v":0},{"_id":"685b54b718142400152aec56","firstName":"Elena","lastName":"Fernández","email":"contact9954@test52.com","phone":"123456789","birthdate":"1991-07-30","owner":"685b51549a165800150caec3","__v":0},{"_id":"685b54be18142400152aec8e","firstName":"Elena","lastName":"Fernández","email":"contact782@test15.com","phone":"777456789","birthdate":"1990-01-15","owner":"685b51549a165800150caec3","__v":0},{"_id":"685b63af18142400152afc9f","firstName":"Elena","lastName":"Fernández","birthdate":"1988-03-14","email":"contact7118@test78.com","phone":"444555666","street1":"789 Pine Rd","street2":"Suite 150","city":"Barcelona","stateProvince":"Castilla-La Mancha","postalCode":"35001","country":"ES","owner":"685b51549a165800150caec3","__v":0},{"_id":"685b63b49a165800150cc1df","firstName":"Elena","lastName":"Fernández","birthdate":"1995-09-27","email":"contact2130@test40.com","phone":"999654321","street1":"147 Birch Ct","street2":"Apt 2B","city":"Barcelona","stateProvince":"Canarias","postalCode":"41001","country":"Chile","owner":"685b51549a165800150caec3","__v":0},{"_id":"685b547f18142400152aea51","firstName":"Juan","lastName":"Fernández","email":"contact975@test27.com","phone":"987654321","birthdate":"1991-07-30","owner":"685b51549a165800150caec3","__v":0},{"_id":"685b54979a165800150cafb8","firstName":"Juan","lastName":"Fernández","email":"contact1230@test11.com","phone":"999654321","birthdate":"1992-11-08","owner":"685b51549a165800150caec3","__v":0},{"_id":"685b549a18142400152aeb41","firstName":"Juan","lastName":"Fernández","email":"contact3011@test84.com","phone":"777456789","birthdate":"1995-09-27","owner":"685b51549a165800150caec3","__v":0},{"_id":"685b54b318142400152aec3b","firstName":"Juan","lastName":"Fernández","email":"contact6214@test7.com","phone":"111222333","birthdate":"1990-01-15","owner":"685b51549a165800150caec3","__v":0},{"_id":"685b549118142400152aeae1","firstName":"Laura","lastName":"Fernández","email":"contact2576@test56.com","phone":"555123456","birthdate":"1991-07-30","owner":"685b51549a165800150caec3","__v":0},{"_id":"685b54a49a165800150cb05c","firstName":"Laura","lastName":"Fernández","email":"contact3912@test67.com","phone":"777456789","birthdate":"1991-07-30","owner":"685b51549a165800150caec3","__v":0},{"_id":"685b54a918142400152aebe3","firstName":"Laura","lastName":"Fernández","email":"contact2994@test92.com","phone":"999654321","birthdate":"1989-10-12","owner":"685b51549a165800150caec3","__v":0},{"_id":"685b54b19a165800150cb0f1","firstName":"Laura","lastName":"Fernández","email":"contact547@test6.com","phone":"987654321","birthdate":"1985-06-22","owner":"685b51549a165800150caec3","__v":0},{"_id":"685b54ba9a165800150cb141","firstName":"Laura","lastName":"Fernández","email":"contact7247@test59.com","phone":"777888999","birthdate":"1991-07-30","owner":"685b51549a165800150caec3","__v":0},{"_id":"685b54be9a165800150cb160","firstName":"Laura","lastName":"Fernández","email":"contact2382@test64.com","phone":"987654321","birthdate":"1990-01-15","owner":"685b51549a165800150caec3","__v":0},{"_id":"685b54b218142400152aec34","firstName":"María","lastName":"Fernández","email":"contact2840@test3.com","phone":"888123456","birthdate":"1991-07-30","owner":"685b51549a165800150caec3","__v":0},{"_id":"685b54bb9a165800150cb14b","firstName":"María","lastName":"Fernández","email":"contact8709@test6.com","phone":"987654321","birthdate":"1990-01-15","owner":"685b51549a165800150caec3","__v":0},{"_id":"685b627218142400152afa92","firstName":"María","lastName":"Fernández","birthdate":"1991-07-30","email":"contact5993@test92.com","phone":"777888999","street1":"321 Elm St","street2":"Apt 2B","city":"Madrid","stateProvince":"Andalucía","postalCode":"35001","country":"España","owner":"685b51549a165800150caec3","__v":0},{"_id":"685b54ab9a165800150cb0ba","firstName":"Miguel","lastName":"Fernández","email":"contact7179@test19.com","phone":"111222333","birthdate":"1990-01-15","owner":"685b51549a165800150caec3","__v":0},{"_id":"685b54ac9a165800150cb0c1","firstName":"Miguel","lastName":"Fernández","email":"contact4590@test23.com","phone":"444555666","birthdate":"1994-02-25","owner":"685b51549a165800150caec3","__v":0},{"_id":"685b54af18142400152aec20","firstName":"Miguel","lastName":"Fernández","email":"contact223@test91.com","phone":"444555666","birthdate":"1988-03-14","owner":"685b51549a165800150caec3","__v":0},{"_id":"685b54b79a165800150cb127","firstName":"Miguel","lastName":"Fernández","email":"contact2892@test16.com","phone":"111222333","birthdate":"1994-02-25","owner":"685b51549a165800150caec3","__v":0},{"_id":"685b54bc18142400152aec7e","firstName":"Miguel","lastName":"Fernández","email":"contact9006@test28.com","phone":"111222333","birthdate":"1991-07-30","owner":"685b51549a165800150caec3","__v":0},{"_id":"685b548b18142400152aeaa6","firstName":"Pedro","lastName":"Fernández","email":"contact2952@test3.com","phone":"777456789","birthdate":"1994-02-25","owner":"685b51549a165800150caec3","__v":0},{"_id":"685b549f9a165800150cb02a","firstName":"Pedro","lastName":"Fernández","email":"contact2069@test67.com","phone":"999654321","birthdate":"1985-06-22","owner":"685b51549a165800150caec3","__v":0},{"_id":"685b54b118142400152aec2e","firstName":"Pedro","lastName":"Fernández","email":"contact8388@test95.com","phone":"888123456","birthdate":"1993-04-18","owner":"685b51549a165800150caec3","__v":0},{"_id":"685b54b59a165800150cb11a","firstName":"Pedro","lastName":"Fernández","email":"contact9416@test85.com","phone":"987654321","birthdate":"1989-10-12","owner":"685b51549a165800150caec3","__v":0},{"_id":"685b54bd9a165800150cb15b","firstName":"Pedro","lastName":"Fernández","email":"contact4084@test30.com","phone":"555123456","birthdate":"1995-09-27","owner":"685b51549a165800150caec3","__v":0},{"_id":"685b548d9a165800150caf53","firstName":"Roberto","lastName":"Fernández","email":"contact9130@test77.com","phone":"888123456","birthdate":"1992-11-08","owner":"685b51549a165800150caec3","__v":0},{"_id":"685b54a518142400152aebb7","firstName":"Roberto","lastName":"Fernández","email":"contact1677@test90.com","phone":"777888999","birthdate":"1994-02-25","owner":"685b51549a165800150caec3","__v":0},{"_id":"685b54b918142400152aec68","firstName":"Roberto","lastName":"Fernández","email":"contact386@test2.com","phone":"555123456","birthdate":"1994-02-25","owner":"685b51549a165800150caec3","__v":0},{"_id":"685b54bf18142400152aec92","firstName":"Roberto","lastName":"Fernández","email":"contact2204@test65.com","phone":"111222333","birthdate":"1995-09-27","owner":"685b51549a165800150caec3","__v":0},{"_id":"685b60e19a165800150cbe9c","firstName":"Roberto","lastName":"Fernández","birthdate":"1987-12-05","email":"contact5664@test63.com","phone":"987654321","street1":"654 Maple Dr","street2":"Floor 3","city":"Las Palmas","stateProvince":"Canarias","postalCode":"28001","country":"Perú","owner":"685b51549a165800150caec3","__v":0},{"_id":"685b626e9a165800150cbfb3","firstName":"Roberto","lastName":"Fernández","birthdate":"1985-06-22","email":"contact2649@test68.com","phone":"555123456","street1":"987 Cedar Ln","street2":"Apt 1A","city":"Palma","stateProvince":"Cataluña","postalCode":"08001","country":"Colombia","owner":"685b51549a165800150caec3","__v":0},{"_id":"685b63b618142400152afce2","firstName":"Roberto","lastName":"Fernández","birthdate":"1991-07-30","email":"contact7856@test38.com","phone":"666789123","street1":"987 Cedar Ln","street2":"Unit D","city":"Sevilla","stateProvince":"Castilla y León","postalCode":"48001","country":"Argentina","owner":"685b51549a165800150caec3","__v":0},{"_id":"685b548a9a165800150caf36","firstName":"Ana","lastName":"García","email":"contact9279@test29.com","phone":"111222333","birthdate":"1991-07-30","owner":"685b51549a165800150caec3","__v":0},{"_id":"685b548c18142400152aeab4","firstName":"Ana","lastName":"García","email":"contact3903@test66.com","phone":"987654321","birthdate":"1990-01-15","owner":"685b51549a165800150caec3","__v":0},{"_id":"685b549018142400152aead8","firstName":"Ana","lastName":"García","email":"contact6639@test49.com","phone":"666789123","birthdate":"1988-03-14","owner":"685b51549a165800150caec3","__v":0},{"_id":"685b549618142400152aeb16","firstName":"Ana","lastName":"García","email":"contact7005@test36.com","phone":"987654321","birthdate":"1993-04-18","owner":"685b51549a165800150caec3","__v":0},{"_id":"685b54a39a165800150cb051","firstName":"Ana","lastName":"García","email":"contact5835@test6.com","phone":"666789123","birthdate":"1992-11-08","owner":"685b51549a165800150caec3","__v":0},{"_id":"685b61689a165800150cbf31","firstName":"Ana","lastName":"García","birthdate":"1992-11-08","email":"contact7172@test22.com","phone":"444555666","street1":"369 Spruce Blvd","street2":"Suite 150","city":"Valencia","stateProvince":"Galicia","postalCode":"07001","country":"Perú","owner":"685b51549a165800150caec3","__v":0},{"_id":"685b63b59a165800150cc1e7","firstName":"Ana","lastName":"García","birthdate":"1985-06-22","email":"contact4547@test92.com","phone":"666789123","street1":"147 Birch Ct","street2":"Unit C","city":"Zaragoza","stateProvince":"Murcia","postalCode":"41001","country":"ES","owner":"685b51549a165800150caec3","__v":0},{"_id":"685b54ad18142400152aec13","firstName":"Carlos","lastName":"García","email":"contact7980@test93.com","phone":"987654321","birthdate":"1987-12-05","owner":"685b51549a165800150caec3","__v":0},{"_id":"685b60e718142400152af995","firstName":"Carlos","lastName":"García","birthdate":"1990-01-15","email":"contact6877@test93.com","phone":"444555666","street1":"987 Cedar Ln","street2":"Unit B","city":"Las Palmas","stateProvince":"Madrid","postalCode":"35001","country":"Mexico","owner":"685b51549a165800150caec3","__v":0},{"_id":"685b616718142400152af9f1","firstName":"Carlos","lastName":"García","birthdate":"1989-10-12","email":"contact5978@test16.com","phone":"987654321","street1":"321 Elm St","street2":"Suite 200","city":"Bilbao","stateProvince":"Madrid","postalCode":"28001","country":"Argentina","owner":"685b51549a165800150caec3","__v":0},{"_id":"685b548e18142400152aeac1","firstName":"Carmen","lastName":"García","email":"contact3889@test56.com","phone":"777456789","birthdate":"1988-03-14","owner":"685b51549a165800150caec3","__v":0},{"_id":"685b54979a165800150cafb7","firstName":"Carmen","lastName":"García","email":"contact4974@test44.com","phone":"666789123","birthdate":"1988-03-14","owner":"685b51549a165800150caec3","__v":0},{"_id":"685b549d18142400152aeb5e","firstName":"Carmen","lastName":"García","email":"contact5347@test7.com","phone":"123456789","birthdate":"1987-12-05","owner":"685b51549a165800150caec3","__v":0},{"_id":"685b60e59a165800150cbec0","firstName":"Carmen","lastName":"García","birthdate":"1992-11-08","email":"contact1518@test33.com","phone":"111222333","street1":"147 Birch Ct","street2":"Floor 3","city":"Palma","stateProvince":"Madrid","postalCode":"28001","country":"Argentina","owner":"685b51549a165800150caec3","__v":0},{"_id":"685b616318142400152af9d1","firstName":"Carmen","lastName":"García","birthdate":"1995-09-27","email":"contact9796@test68.com","phone":"777456789","street1":"147 Birch Ct","street2":"Unit C","city":"Valencia","stateProvince":"País Vasco","postalCode":"48001","country":"Venezuela","owner":"685b51549a165800150caec3","__v":0},{"_id":"685b63b09a165800150cc1b1","firstName":"Carmen","lastName":"García","birthdate":"1989-10-12","email":"contact126@test62.com","phone":"888123456","street1":"321 Elm St","street2":"Suite 150","city":"Palma","stateProvince":"Canarias","postalCode":"48001","country":"Chile","owner":"685b51549a165800150caec3","__v":0},{"_id":"685b548518142400152aea78","firstName":"Elena","lastName":"García","email":"contact2868@test68.com","phone":"987654321","birthdate":"1987-12-05","owner":"685b51549a165800150caec3","__v":0},{"_id":"685b63b39a165800150cc1ce","firstName":"Elena","lastName":"García","birthdate":"1995-09-27","email":"contact1404@test31.com","phone":"111222333","street1":"789 Pine Rd","street2":"Apt 1A","city":"Madrid","stateProvince":"Galicia","postalCode":"30001","country":"Spain","owner":"685b51549a165800150caec3","__v":0},{"_id":"685b63b49a165800150cc1d7","firstName":"Elena","lastName":"García","birthdate":"1993-04-18","email":"contact9767@test40.com","phone":"987654321","street1":"369 Spruce Blvd","street2":"Apt 1A","city":"Bilbao","stateProvince":"Galicia","postalCode":"46001","country":"Spain","owner":"685b51549a165800150caec3","__v":0},{"_id":"685b54a518142400152aebb1","firstName":"Juan","lastName":"García","email":"contact1384@test67.com","phone":"888123456","birthdate":"1985-06-22","owner":"685b51549a165800150caec3","__v":0},{"_id":"685b54b29a165800150cb0ff","firstName":"Juan","lastName":"García","email":"contact4145@test32.com","phone":"999654321","birthdate":"1995-09-27","owner":"685b51549a165800150caec3","__v":0},{"_id":"685b54b618142400152aec51","firstName":"Juan","lastName":"García","email":"contact6180@test77.com","phone":"555123456","birthdate":"1985-06-22","owner":"685b51549a165800150caec3","__v":0},{"_id":"685b616a18142400152afa09","firstName":"Juan","lastName":"García","birthdate":"1991-07-30","email":"contact4969@test4.com","phone":"555123456","street1":"456 Oak Ave","street2":"Apt 2B","city":"Zaragoza","stateProvince":"Castilla y León","postalCode":"50001","country":"Spain","owner":"685b51549a165800150caec3","__v":0},{"_id":"685b54999a165800150cafdc","firstName":"Laura","lastName":"García","email":"contact8431@test98.com","phone":"777888999","birthdate":"1991-07-30","owner":"685b51549a165800150caec3","__v":0},{"_id":"685b549e9a165800150cb01c","firstName":"Laura","lastName":"García","email":"contact4843@test50.com","phone":"444555666","birthdate":"1988-03-14","owner":"685b51549a165800150caec3","__v":0},{"_id":"685b54b018142400152aec25","firstName":"Laura","lastName":"García","email":"contact9385@test54.com","phone":"999654321","birthdate":"1988-03-14","owner":"685b51549a165800150caec3","__v":0},{"_id":"685b54b89a165800150cb136","firstName":"Laura","lastName":"García","email":"contact4369@test34.com","phone":"987654321","birthdate":"1995-09-27","owner":"685b51549a165800150caec3","__v":0},{"_id":"685b60e718142400152af994","firstName":"Laura","lastName":"García","birthdate":"1985-06-22","email":"contact9923@test4.com","phone":"777888999","street1":"654 Maple Dr","street2":"Unit D","city":"Madrid","stateProvince":"País Vasco","postalCode":"50001","country":"Colombia","owner":"685b51549a165800150caec3","__v":0},{"_id":"685b549c18142400152aeb5b","firstName":"María","lastName":"García","email":"contact413@test41.com","phone":"111222333","birthdate":"1995-09-27","owner":"685b51549a165800150caec3","__v":0},{"_id":"685b549d9a165800150cb012","firstName":"María","lastName":"García","email":"contact8309@test9.com","phone":"123456789","birthdate":"1995-09-27","owner":"685b51549a165800150caec3","__v":0},{"_id":"685b54ba18142400152aec6e","firstName":"María","lastName":"García","email":"contact8783@test31.com","phone":"888123456","birthdate":"1995-09-27","owner":"685b51549a165800150caec3","__v":0},{"_id":"685b60e39a165800150cbea7","firstName":"María","lastName":"García","birthdate":"1988-03-14","email":"contact1635@test0.com","phone":"666789123","street1":"321 Elm St","street2":"Apt 4A","city":"Madrid","stateProvince":"Andalucía","postalCode":"48001","country":"Venezuela","owner":"685b51549a165800150caec3","__v":0},{"_id":"685dd842db9fd00015ca31f4","firstName":"María","lastName":"García","birthdate":"1985-08-20","email":"list_test_1750980674340@karate.com","phone":"987654321","street1":"456 Oak Ave","street2":"Suite 100","city":"Barcelona","stateProvince":"Cataluña","postalCode":"08001","country":"España","owner":"685b51549a165800150caec3","__v":0},{"_id":"685dd8c7db9fd00015ca3353","firstName":"María","lastName":"García","birthdate":"1985-08-20","email":"list_test_1750980807244@karate.com","phone":"987654321","street1":"456 Oak Ave","street2":"Suite 100","city":"Barcelona","stateProvince":"Cataluña","postalCode":"08001","country":"España","owner":"685b51549a165800150caec3","__v":0},{"_id":"685dd8e51f03bf00153ef3f5","firstName":"María","lastName":"García","birthdate":"1985-08-20","email":"list_test_1750980837366@karate.com","phone":"987654321","street1":"456 Oak Ave","street2":"Suite 100","city":"Barcelona","stateProvince":"Cataluña","postalCode":"08001","country":"España","owner":"685b51549a165800150caec3","__v":0},{"_id":"685dd91cdb9fd00015ca3362","firstName":"María","lastName":"García","birthdate":"1985-08-20","email":"list_test_1750980893203@karate.com","phone":"987654321","street1":"456 Oak Ave","street2":"Suite 100","city":"Barcelona","stateProvince":"Cataluña","postalCode":"08001","country":"España","owner":"685b51549a165800150caec3","__v":0},{"_id":"685dd9cb1f03bf00153ef406","firstName":"María","lastName":"García","birthdate":"1985-08-20","email":"list_test_1750981067475@karate.com","phone":"987654321","street1":"456 Oak Ave","street2":"Suite 100","city":"Barcelona","stateProvince":"Cataluña","postalCode":"08001","country":"España","owner":"685b51549a165800150caec3","__v":0},{"_id":"685dda35db9fd00015ca3374","firstName":"María","lastName":"García","birthdate":"1985-08-20","email":"list_test_1750981173233@karate.com","phone":"987654321","street1":"456 Oak Ave","street2":"Suite 100","city":"Barcelona","stateProvince":"Cataluña","postalCode":"08001","country":"España","owner":"685b51549a165800150caec3","__v":0},{"_id":"685dda7a1f03bf00153ef41a","firstName":"María","lastName":"García","birthdate":"1985-08-20","email":"list_test_1750981243113@karate.com","phone":"987654321","street1":"456 Oak Ave","street2":"Suite 100","city":"Barcelona","stateProvince":"Cataluña","postalCode":"08001","country":"España","owner":"685b51549a165800150caec3","__v":0},{"_id":"685ddaca1f03bf00153ef422","firstName":"María","lastName":"García","birthdate":"1985-08-20","email":"list_test_1750981322225@karate.com","phone":"987654321","street1":"456 Oak Ave","street2":"Suite 100","city":"Barcelona","stateProvince":"Cataluña","postalCode":"08001","country":"España","owner":"685b51549a165800150caec3","__v":0},{"_id":"685b549118142400152aeae4","firstName":"Miguel","lastName":"García","email":"contact8830@test30.com","phone":"987654321","birthdate":"1988-03-14","owner":"685b51549a165800150caec3","__v":0},{"_id":"685b61689a165800150cbf34","firstName":"Miguel","lastName":"García","birthdate":"1991-07-30","email":"contact5793@test91.com","phone":"666789123","street1":"987 Cedar Ln","street2":"Unit D","city":"Sevilla","stateProvince":"País Vasco","postalCode":"29001","country":"Chile","owner":"685b51549a165800150caec3","__v":0},{"_id":"685b626f18142400152afa7c","firstName":"Miguel","lastName":"García","birthdate":"1990-01-15","email":"contact548@test68.com","phone":"111222333","street1":"789 Pine Rd","street2":"Unit D","city":"Málaga","stateProvince":"Canarias","postalCode":"07001","country":"Spain","owner":"685b51549a165800150caec3","__v":0},{"_id":"685b54b59a165800150cb113","firstName":"Pedro","lastName":"García","email":"contact91@test70.com","phone":"777456789","birthdate":"1988-03-14","owner":"685b51549a165800150caec3","__v":0},{"_id":"685b54ba18142400152aec6a","firstName":"Pedro","lastName":"García","email":"contact9301@test3.com","phone":"777888999","birthdate":"1994-02-25","owner":"685b51549a165800150caec3","__v":0},{"_id":"685b60df9a165800150cbe8d","firstName":"Pedro","lastName":"García","birthdate":"1987-12-05","email":"contact253@test4.com","phone":"111222333","street1":"369 Spruce Blvd","street2":"Apt 4A","city":"Sevilla","stateProvince":"Valencia","postalCode":"28001","country":"Ecuador","owner":"685b51549a165800150caec3","__v":0},{"_id":"685b60e59a165800150cbec4","firstName":"Pedro","lastName":"García","birthdate":"1987-12-05","email":"contact4902@test43.com","phone":"999654321","street1":"789 Pine Rd","street2":"Unit C","city":"Zaragoza","stateProvince":"Valencia","postalCode":"28001","country":"ES","owner":"685b51549a165800150caec3","__v":0},{"_id":"685b63b29a165800150cc1cb","firstName":"Pedro","lastName":"García","birthdate":"1994-02-25","email":"contact2346@test98.com","phone":"987654321","street1":"456 Oak Ave","street2":"Apt 2B","city":"Las Palmas","stateProvince":"Castilla y León","postalCode":"30001","country":"Mexico","owner":"685b51549a165800150caec3","__v":0},{"_id":"685b54b29a165800150cb0fc","firstName":"Roberto","lastName":"García","email":"contact5217@test91.com","phone":"444555666","birthdate":"1989-10-12","owner":"685b51549a165800150caec3","__v":0},{"_id":"685b54b89a165800150cb134","firstName":"Roberto","lastName":"García","email":"contact9871@test57.com","phone":"123456789","birthdate":"1991-07-30","owner":"685b51549a165800150caec3","__v":0},{"_id":"685b60e418142400152af983","firstName":"Roberto","lastName":"García","birthdate":"1989-10-12","email":"contact1658@test42.com","phone":"444555666","street1":"147 Birch Ct","street2":"Suite 200","city":"Valencia","stateProvince":"Andalucía","postalCode":"35001","country":"Mexico","owner":"685b51549a165800150caec3","__v":0},{"_id":"685b549118142400152aeadd","firstName":"Ana","lastName":"González","email":"contact1977@test91.com","phone":"123456789","birthdate":"1990-01-15","owner":"685b51549a165800150caec3","__v":0},{"_id":"685b54a69a165800150cb075","firstName":"Ana","lastName":"González","email":"contact950@test68.com","phone":"666789123","birthdate":"1989-10-12","owner":"685b51549a165800150caec3","__v":0},{"_id":"685b54a718142400152aebca","firstName":"Ana","lastName":"González","email":"contact1148@test56.com","phone":"666789123","birthdate":"1993-04-18","owner":"685b51549a165800150caec3","__v":0},{"_id":"685b54b918142400152aec69","firstName":"Ana","lastName":"González","email":"contact1383@test76.com","phone":"555123456","birthdate":"1992-11-08","owner":"685b51549a165800150caec3","__v":0},{"_id":"685b60e618142400152af992","firstName":"Ana","lastName":"González","birthdate":"1991-07-30","email":"contact8549@test68.com","phone":"987654321","street1":"258 Willow Way","street2":"Suite 150","city":"Valencia","stateProvince":"Galicia","postalCode":"46001","country":"Chile","owner":"685b51549a165800150caec3","__v":0},{"_id":"685b54889a165800150caf1e","firstName":"Carlos","lastName":"González","email":"contact8807@test48.com","phone":"444555666","birthdate":"1991-07-30","owner":"685b51549a165800150caec3","__v":0},{"_id":"685b549218142400152aeaf1","firstName":"Carlos","lastName":"González","email":"contact3140@test44.com","phone":"555123456","birthdate":"1989-10-12","owner":"685b51549a165800150caec3","__v":0},{"_id":"685b54bb9a165800150cb14d","firstName":"Carlos","lastName":"González","email":"contact2802@test60.com","phone":"111222333","birthdate":"1992-11-08","owner":"685b51549a165800150caec3","__v":0},{"_id":"685b60e29a165800150cbea1","firstName":"Carlos","lastName":"González","birthdate":"1989-10-12","email":"contact7891@test26.com","phone":"111222333","street1":"258 Willow Way","street2":"Suite 150","city":"Madrid","stateProvince":"Galicia","postalCode":"29001","country":"Colombia","owner":"685b51549a165800150caec3","__v":0},{"_id":"685b60e318142400152af97d","firstName":"Carlos","lastName":"González","birthdate":"1987-12-05","email":"contact1110@test80.com","phone":"555123456","street1":"321 Elm St","street2":"Floor 3","city":"Sevilla","stateProvince":"País Vasco","postalCode":"30001","country":"Perú","owner":"685b51549a165800150caec3","__v":0},{"_id":"685b60e49a165800150cbeb0","firstName":"Carlos","lastName":"González","birthdate":"1993-04-18","email":"contact1305@test6.com","phone":"123456789","street1":"321 Elm St","street2":"Apt 4A","city":"Málaga","stateProvince":"Andalucía","postalCode":"35001","country":"Spain","owner":"685b51549a165800150caec3","__v":0},{"_id":"685b616818142400152afa00","firstName":"Carlos","lastName":"González","birthdate":"1994-02-25","email":"contact6859@test36.com","phone":"123456789","street1":"741 Aspen Pl","street2":"Floor 3","city":"Zaragoza","stateProvince":"País Vasco","postalCode":"30001","country":"España","owner":"685b51549a165800150caec3","__v":0},{"_id":"685b626a9a165800150cbf8b","firstName":"Carlos","lastName":"González","birthdate":"1988-03-14","email":"contact3264@test90.com","phone":"777456789","street1":"789 Pine Rd","street2":"Suite 150","city":"Barcelona","stateProvince":"Murcia","postalCode":"28001","country":"Argentina","owner":"685b51549a165800150caec3","__v":0},{"_id":"685b54a59a165800150cb06b","firstName":"Carmen","lastName":"González","email":"contact4754@test26.com","phone":"555123456","birthdate":"1995-09-27","owner":"685b51549a165800150caec3","__v":0},{"_id":"685b54b418142400152aec40","firstName":"Carmen","lastName":"González","email":"contact204@test21.com","phone":"666789123","birthdate":"1993-04-18","owner":"685b51549a165800150caec3","__v":0},{"_id":"685b54be18142400152aec90","firstName":"Carmen","lastName":"González","email":"contact5135@test44.com","phone":"888123456","birthdate":"1990-01-15","owner":"685b51549a165800150caec3","__v":0},{"_id":"685b61699a165800150cbf3d","firstName":"Carmen","lastName":"González","birthdate":"1994-02-25","email":"contact3524@test57.com","phone":"987654321","street1":"258 Willow Way","street2":"Apt 2B","city":"Las Palmas","stateProvince":"Cataluña","postalCode":"46001","country":"Ecuador","owner":"685b51549a165800150caec3","__v":0},{"_id":"685b54a29a165800150cb047","firstName":"Elena","lastName":"González","email":"contact1237@test92.com","phone":"888123456","birthdate":"1994-02-25","owner":"685b51549a165800150caec3","__v":0},{"_id":"685b54b29a165800150cb0fa","firstName":"Elena","lastName":"González","email":"contact9216@test86.com","phone":"123456789","birthdate":"1993-04-18","owner":"685b51549a165800150caec3","__v":0},{"_id":"685b60e118142400152af96d","firstName":"Elena","lastName":"González","birthdate":"1985-06-22","email":"contact6494@test58.com","phone":"555123456","street1":"456 Oak Ave","street2":"Unit C","city":"Palma","stateProvince":"Andalucía","postalCode":"28001","country":"Ecuador","owner":"685b51549a165800150caec3","__v":0},{"_id":"685b60e118142400152af974","firstName":"Elena","lastName":"González","birthdate":"1990-01-15","email":"contact4202@test21.com","phone":"666789123","street1":"654 Maple Dr","street2":"Apt 1A","city":"Málaga","stateProvince":"Castilla-La Mancha","postalCode":"48001","country":"Mexico","owner":"685b51549a165800150caec3","__v":0},{"_id":"685b54919a165800150caf7d","firstName":"Juan","lastName":"González","email":"contact5925@test1.com","phone":"666789123","birthdate":"1992-11-08","owner":"685b51549a165800150caec3","__v":0},{"_id":"685b54ab18142400152aebf6","firstName":"Juan","lastName":"González","email":"contact1218@test6.com","phone":"123456789","birthdate":"1995-09-27","owner":"685b51549a165800150caec3","__v":0},{"_id":"685b54b118142400152aec30","firstName":"Juan","lastName":"González","email":"contact253@test38.com","phone":"777456789","birthdate":"1988-03-14","owner":"685b51549a165800150caec3","__v":0},{"_id":"685b60e29a165800150cbe9e","firstName":"Juan","lastName":"González","birthdate":"1989-10-12","email":"contact6927@test26.com","phone":"987654321","street1":"321 Elm St","street2":"Unit D","city":"Las Palmas","stateProvince":"Andalucía","postalCode":"35001","country":"ES","owner":"685b51549a165800150caec3","__v":0},{"_id":"685b63b318142400152afcce","firstName":"Laura","lastName":"González","birthdate":"1991-07-30","email":"contact628@test45.com","phone":"987654321","street1":"369 Spruce Blvd","street2":"Unit C","city":"Murcia","stateProvince":"Madrid","postalCode":"28001","country":"Venezuela","owner":"685b51549a165800150caec3","__v":0},{"_id":"685b63b618142400152afce3","firstName":"Laura","lastName":"González","birthdate":"1990-01-15","email":"contact93@test99.com","phone":"444555666","street1":"123 Main St","street2":"Unit B","city":"Murcia","stateProvince":"País Vasco","postalCode":"28001","country":"Mexico","owner":"685b51549a165800150caec3","__v":0},{"_id":"685b54979a165800150cafb4","firstName":"María","lastName":"González","email":"contact6979@test83.com","phone":"555123456","birthdate":"1992-11-08","owner":"685b51549a165800150caec3","__v":0},{"_id":"685b54aa9a165800150cb0ae","firstName":"María","lastName":"González","email":"contact9315@test91.com","phone":"111222333","birthdate":"1988-03-14","owner":"685b51549a165800150caec3","__v":0},{"_id":"685b54ae9a165800150cb0d5","firstName":"María","lastName":"González","email":"contact6169@test21.com","phone":"777888999","birthdate":"1987-12-05","owner":"685b51549a165800150caec3","__v":0},{"_id":"685b54b89a165800150cb138","firstName":"María","lastName":"González","email":"contact5524@test16.com","phone":"777456789","birthdate":"1985-06-22","owner":"685b51549a165800150caec3","__v":0},{"_id":"685b54be18142400152aec8b","firstName":"María","lastName":"González","email":"contact6870@test88.com","phone":"888123456","birthdate":"1990-01-15","owner":"685b51549a165800150caec3","__v":0},{"_id":"685b549618142400152aeb1e","firstName":"Miguel","lastName":"González","email":"contact7714@test51.com","phone":"777456789","birthdate":"1991-07-30","owner":"685b51549a165800150caec3","__v":0},{"_id":"685b54af9a165800150cb0df","firstName":"Miguel","lastName":"González","email":"contact2729@test1.com","phone":"777456789","birthdate":"1991-07-30","owner":"685b51549a165800150caec3","__v":0},{"_id":"685b54b918142400152aec65","firstName":"Miguel","lastName":"González","email":"contact3259@test36.com","phone":"555123456","birthdate":"1995-09-27","owner":"685b51549a165800150caec3","__v":0},{"_id":"685b60e59a165800150cbebc","firstName":"Miguel","lastName":"González","birthdate":"1988-03-14","email":"contact8321@test80.com","phone":"987654321","street1":"456 Oak Ave","street2":"Apt 4A","city":"Palma","stateProvince":"Galicia","postalCode":"29001","country":"España","owner":"685b51549a165800150caec3","__v":0},{"_id":"685b60e69a165800150cbec9","firstName":"Miguel","lastName":"González","birthdate":"1992-11-08","email":"contact6883@test68.com","phone":"999654321","street1":"258 Willow Way","street2":"Unit C","city":"Valencia","stateProvince":"Castilla-La Mancha","postalCode":"48001","country":"Spain","owner":"685b51549a165800150caec3","__v":0},{"_id":"685b61629a165800150cbefa","firstName":"Pedro","lastName":"González","birthdate":"1993-04-18","email":"contact5661@test76.com","phone":"888123456","street1":"789 Pine Rd","street2":"Apt 1A","city":"Murcia","stateProvince":"Canarias","postalCode":"50001","country":"Venezuela","owner":"685b51549a165800150caec3","__v":0},{"_id":"685b549a9a165800150cafe1","firstName":"Roberto","lastName":"González","email":"contact1523@test12.com","phone":"999654321","birthdate":"1993-04-18","owner":"685b51549a165800150caec3","__v":0},{"_id":"685b54a09a165800150cb038","firstName":"Roberto","lastName":"González","email":"contact4382@test8.com","phone":"999654321","birthdate":"1989-10-12","owner":"685b51549a165800150caec3","__v":0},{"_id":"685b60e218142400152af979","firstName":"Roberto","lastName":"González","birthdate":"1990-01-15","email":"contact3545@test41.com","phone":"555123456","street1":"987 Cedar Ln","street2":"Unit D","city":"Murcia","stateProvince":"Valencia","postalCode":"35001","country":"Ecuador","owner":"685b51549a165800150caec3","__v":0},{"_id":"685b61699a165800150cbf3b","firstName":"Roberto","lastName":"González","birthdate":"1990-01-15","email":"contact2048@test96.com","phone":"111222333","street1":"789 Pine Rd","street2":"Suite 200","city":"Barcelona","stateProvince":"Castilla y León","postalCode":"35001","country":"Ecuador","owner":"685b51549a165800150caec3","__v":0},{"_id":"685b63b49a165800150cc1db","firstName":"Roberto","lastName":"González","birthdate":"1994-02-25","email":"contact4258@test55.com","phone":"987654321","street1":"741 Aspen Pl","street2":"Apt 4A","city":"Bilbao","stateProvince":"Cataluña","postalCode":"50001","country":"España","owner":"685b51549a165800150caec3","__v":0},{"_id":"685b54849a165800150caefe","firstName":"Ana","lastName":"Gómez","email":"contact6169@test80.com","phone":"444555666","birthdate":"1990-01-15","owner":"685b51549a165800150caec3","__v":0},{"_id":"685b549318142400152aeafc","firstName":"Ana","lastName":"Gómez","email":"contact1716@test65.com","phone":"555123456","birthdate":"1992-11-08","owner":"685b51549a165800150caec3","__v":0},{"_id":"685b549518142400152aeb12","firstName":"Ana","lastName":"Gómez","email":"contact587@test11.com","phone":"987654321","birthdate":"1993-04-18","owner":"685b51549a165800150caec3","__v":0},{"_id":"685b54b718142400152aec5b","firstName":"Ana","lastName":"Gómez","email":"contact1107@test25.com","phone":"444555666","birthdate":"1989-10-12","owner":"685b51549a165800150caec3","__v":0},{"_id":"685b60e79a165800150cbecc","firstName":"Ana","lastName":"Gómez","birthdate":"1988-03-14","email":"contact7501@test61.com","phone":"444555666","street1":"321 Elm St","street2":"Unit D","city":"Valencia","stateProvince":"Andalucía","postalCode":"46001","country":"Ecuador","owner":"685b51549a165800150caec3","__v":0},{"_id":"685b54879a165800150caf15","firstName":"Carlos","lastName":"Gómez","email":"contact8538@test59.com","phone":"777888999","birthdate":"1985-06-22","owner":"685b51549a165800150caec3","__v":0},{"_id":"685b548e18142400152aeac5","firstName":"Carlos","lastName":"Gómez","email":"contact9921@test39.com","phone":"555123456","birthdate":"1987-12-05","owner":"685b51549a165800150caec3","__v":0},{"_id":"685b54929a165800150caf85","firstName":"Carlos","lastName":"Gómez","email":"contact8957@test66.com","phone":"987654321","birthdate":"1985-06-22","owner":"685b51549a165800150caec3","__v":0},{"_id":"685b54a418142400152aebb0","firstName":"Carmen","lastName":"Gómez","email":"contact338@test41.com","phone":"777888999","birthdate":"1993-04-18","owner":"685b51549a165800150caec3","__v":0},{"_id":"685b60e518142400152af987","firstName":"Carmen","lastName":"Gómez","birthdate":"1990-01-15","email":"contact6029@test55.com","phone":"123456789","street1":"147 Birch Ct","street2":"Suite 200","city":"Palma","stateProvince":"Murcia","postalCode":"35001","country":"Argentina","owner":"685b51549a165800150caec3","__v":0},{"_id":"685b549418142400152aeb0a","firstName":"Elena","lastName":"Gómez","email":"contact4796@test17.com","phone":"123456789","birthdate":"1995-09-27","owner":"685b51549a165800150caec3","__v":0},{"_id":"685b626d9a165800150cbfa5","firstName":"Elena","lastName":"Gómez","birthdate":"1990-01-15","email":"contact7140@test16.com","phone":"777888999","street1":"456 Oak Ave","street2":"Suite 300","city":"Murcia","stateProvince":"Andalucía","postalCode":"08001","country":"Perú","owner":"685b51549a165800150caec3","__v":0},{"_id":"685b627218142400152afa91","firstName":"Elena","lastName":"Gómez","birthdate":"1993-04-18","email":"contact239@test60.com","phone":"777888999","street1":"654 Maple Dr","street2":"Suite 150","city":"Málaga","stateProvince":"Cataluña","postalCode":"48001","country":"Colombia","owner":"685b51549a165800150caec3","__v":0},{"_id":"685b549418142400152aeb06","firstName":"Juan","lastName":"Gómez","email":"contact2908@test54.com","phone":"555123456","birthdate":"1995-09-27","owner":"685b51549a165800150caec3","__v":0},{"_id":"685b54a89a165800150cb090","firstName":"Juan","lastName":"Gómez","email":"contact6142@test58.com","phone":"444555666","birthdate":"1995-09-27","owner":"685b51549a165800150caec3","__v":0},{"_id":"685b60e118142400152af972","firstName":"Juan","lastName":"Gómez","birthdate":"1989-10-12","email":"contact5748@test18.com","phone":"777456789","street1":"654 Maple Dr","street2":"Unit C","city":"Madrid","stateProvince":"País Vasco","postalCode":"28001","country":"Perú","owner":"685b51549a165800150caec3","__v":0},{"_id":"685b60e618142400152af991","firstName":"Juan","lastName":"Gómez","birthdate":"1993-04-18","email":"contact1711@test80.com","phone":"555123456","street1":"147 Birch Ct","street2":"Floor 3","city":"Sevilla","stateProvince":"País Vasco","postalCode":"28001","country":"Ecuador","owner":"685b51549a165800150caec3","__v":0},{"_id":"685b616618142400152af9ed","firstName":"Juan","lastName":"Gómez","birthdate":"1992-11-08","email":"contact2068@test63.com","phone":"888123456","street1":"789 Pine Rd","street2":"Apt 4A","city":"Barcelona","stateProvince":"Murcia","postalCode":"08001","country":"Chile","owner":"685b51549a165800150caec3","__v":0},{"_id":"685b60e318142400152af97f","firstName":"Laura","lastName":"Gómez","birthdate":"1992-11-08","email":"contact4045@test5.com","phone":"888123456","street1":"741 Aspen Pl","street2":"Suite 300","city":"Bilbao","stateProvince":"Canarias","postalCode":"46001","country":"Argentina","owner":"685b51549a165800150caec3","__v":0},{"_id":"685b60e39a165800150cbeac","firstName":"Laura","lastName":"Gómez","birthdate":"1990-01-15","email":"contact2182@test55.com","phone":"777888999","street1":"987 Cedar Ln","street2":"Unit B","city":"Barcelona","stateProvince":"Murcia","postalCode":"07001","country":"Ecuador","owner":"685b51549a165800150caec3","__v":0},{"_id":"685b63b118142400152afcbf","firstName":"Laura","lastName":"Gómez","birthdate":"1989-10-12","email":"contact9390@test51.com","phone":"123456789","street1":"789 Pine Rd","street2":"Unit B","city":"Sevilla","stateProvince":"Madrid","postalCode":"28001","country":"Ecuador","owner":"685b51549a165800150caec3","__v":0},{"_id":"685b549718142400152aeb2e","firstName":"María","lastName":"Gómez","email":"contact5979@test36.com","phone":"888123456","birthdate":"1988-03-14","owner":"685b51549a165800150caec3","__v":0},{"_id":"685b54a29a165800150cb044","firstName":"María","lastName":"Gómez","email":"contact4634@test45.com","phone":"888123456","birthdate":"1988-03-14","owner":"685b51549a165800150caec3","__v":0},{"_id":"685b54a29a165800150cb04a","firstName":"María","lastName":"Gómez","email":"contact1686@test18.com","phone":"987654321","birthdate":"1989-10-12","owner":"685b51549a165800150caec3","__v":0},{"_id":"685b54a618142400152aebc0","firstName":"María","lastName":"Gómez","email":"contact132@test38.com","phone":"987654321","birthdate":"1995-09-27","owner":"685b51549a165800150caec3","__v":0},{"_id":"685b54b318142400152aec38","firstName":"María","lastName":"Gómez","email":"contact6762@test15.com","phone":"123456789","birthdate":"1985-06-22","owner":"685b51549a165800150caec3","__v":0},{"_id":"685b549f9a165800150cb02d","firstName":"Miguel","lastName":"Gómez","email":"contact3311@test91.com","phone":"987654321","birthdate":"1991-07-30","owner":"685b51549a165800150caec3","__v":0},{"_id":"685b54a59a165800150cb072","firstName":"Miguel","lastName":"Gómez","email":"contact5927@test44.com","phone":"555123456","birthdate":"1989-10-12","owner":"685b51549a165800150caec3","__v":0},{"_id":"685b54a618142400152aebbb","firstName":"Miguel","lastName":"Gómez","email":"contact3011@test28.com","phone":"444555666","birthdate":"1995-09-27","owner":"685b51549a165800150caec3","__v":0},{"_id":"685b60e418142400152af985","firstName":"Miguel","lastName":"Gómez","birthdate":"1989-10-12","email":"contact9215@test17.com","phone":"666789123","street1":"456 Oak Ave","street2":"Unit B","city":"Las Palmas","stateProvince":"País Vasco","postalCode":"35001","country":"Spain","owner":"685b51549a165800150caec3","__v":0},{"_id":"685b626e9a165800150cbfac","firstName":"Miguel","lastName":"Gómez","birthdate":"1988-03-14","email":"contact4737@test91.com","phone":"123456789","street1":"741 Aspen Pl","street2":"Floor 3","city":"Madrid","stateProvince":"Castilla-La Mancha","postalCode":"50001","country":"Spain","owner":"685b51549a165800150caec3","__v":0},{"_id":"685b54869a165800150caf0f","firstName":"Pedro","lastName":"Gómez","email":"contact65@test21.com","phone":"777456789","birthdate":"1992-11-08","owner":"685b51549a165800150caec3","__v":0},{"_id":"685b548a18142400152aea9d","firstName":"Pedro","lastName":"Gómez","email":"contact5675@test62.com","phone":"555123456","birthdate":"1990-01-15","owner":"685b51549a165800150caec3","__v":0},{"_id":"685b549218142400152aeaeb","firstName":"Pedro","lastName":"Gómez","email":"contact5909@test27.com","phone":"444555666","birthdate":"1995-09-27","owner":"685b51549a165800150caec3","__v":0},{"_id":"685b54949a165800150caf92","firstName":"Pedro","lastName":"Gómez","email":"contact6187@test31.com","phone":"888123456","birthdate":"1990-01-15","owner":"685b51549a165800150caec3","__v":0},{"_id":"685b54b118142400152aec2b","firstName":"Pedro","lastName":"Gómez","email":"contact1122@test56.com","phone":"777456789","birthdate":"1994-02-25","owner":"685b51549a165800150caec3","__v":0},{"_id":"685b54bd18142400152aec8a","firstName":"Pedro","lastName":"Gómez","email":"contact3955@test61.com","phone":"666789123","birthdate":"1990-01-15","owner":"685b51549a165800150caec3","__v":0},{"_id":"685b54be18142400152aec91","firstName":"Pedro","lastName":"Gómez","email":"contact8628@test65.com","phone":"777888999","birthdate":"1995-09-27","owner":"685b51549a165800150caec3","__v":0},{"_id":"685b61679a165800150cbf29","firstName":"Pedro","lastName":"Gómez","birthdate":"1985-06-22","email":"contact8735@test91.com","phone":"666789123","street1":"258 Willow Way","street2":"Floor 3","city":"Málaga","stateProvince":"Canarias","postalCode":"41001","country":"ES","owner":"685b51549a165800150caec3","__v":0},{"_id":"685b54bb18142400152aec71","firstName":"Roberto","lastName":"Gómez","email":"contact1249@test19.com","phone":"111222333","birthdate":"1993-04-18","owner":"685b51549a165800150caec3","__v":0},{"_id":"685b60e118142400152af96f","firstName":"Roberto","lastName":"Gómez","birthdate":"1988-03-14","email":"contact9575@test54.com","phone":"999654321","street1":"258 Willow Way","street2":"Suite 200","city":"Sevilla","stateProvince":"Madrid","postalCode":"07001","country":"Mexico","owner":"685b51549a165800150caec3","__v":0},{"_id":"685b60e59a165800150cbebf","firstName":"Roberto","lastName":"Gómez","birthdate":"1989-10-12","email":"contact3573@test46.com","phone":"777888999","street1":"987 Cedar Ln","street2":"Suite 300","city":"Málaga","stateProvince":"País Vasco","postalCode":"35001","country":"Argentina","owner":"685b51549a165800150caec3","__v":0},{"_id":"685dd8e8db9fd00015ca335e","firstName":"Francoise","lastName":"Hagenes","birthdate":"1990-01-01","email":"javier.braun@hotmail.com","phone":"(723) 380-8483","street1":"123 Faker St","street2":"Apt 1","city":"Port Ouida","stateProvince":"TestState","postalCode":"12345","country":"TestCountry","owner":"685b51549a165800150caec3","__v":0},{"_id":"685dda7edb9fd00015ca3380","firstName":"Sudie","lastName":"Leffler","birthdate":"1990-01-01","email":"bette.pfannerstill@hotmail.com","phone":"156336904","street1":"123 Faker St","street2":"Apt 1","city":"North Florencia","stateProvince":"TestState","postalCode":"12345","country":"TestCountry","owner":"685b51549a165800150caec3","__v":0},{"_id":"685b549c18142400152aeb58","firstName":"Ana","lastName":"López","email":"contact7771@test57.com","phone":"666789123","birthdate":"1995-09-27","owner":"685b51549a165800150caec3","__v":0},{"_id":"685b54a018142400152aeb85","firstName":"Ana","lastName":"López","email":"contact1431@test32.com","phone":"999654321","birthdate":"1994-02-25","owner":"685b51549a165800150caec3","__v":0},{"_id":"685b54b218142400152aec31","firstName":"Ana","lastName":"López","email":"contact3061@test20.com","phone":"777456789","birthdate":"1991-07-30","owner":"685b51549a165800150caec3","__v":0},{"_id":"685b54b618142400152aec55","firstName":"Ana","lastName":"López","email":"contact3831@test48.com","phone":"777456789","birthdate":"1991-07-30","owner":"685b51549a165800150caec3","__v":0},{"_id":"685b60e19a165800150cbe9a","firstName":"Ana","lastName":"López","birthdate":"1990-01-15","email":"contact9458@test12.com","phone":"555123456","street1":"987 Cedar Ln","street2":"Apt 4A","city":"Sevilla","stateProvince":"Castilla y León","postalCode":"48001","country":"Argentina","owner":"685b51549a165800150caec3","__v":0},{"_id":"685b63af9a165800150cc1ab","firstName":"Ana","lastName":"López","birthdate":"1988-03-14","email":"contact5121@test12.com","phone":"666789123","street1":"321 Elm St","street2":"Suite 300","city":"Madrid","stateProvince":"Canarias","postalCode":"28001","country":"Mexico","owner":"685b51549a165800150caec3","__v":0},{"_id":"685b549e9a165800150cb016","firstName":"Carlos","lastName":"López","email":"contact2143@test30.com","phone":"888123456","birthdate":"1989-10-12","owner":"685b51549a165800150caec3","__v":0},{"_id":"685b54b89a165800150cb12f","firstName":"Carlos","lastName":"López","email":"contact4075@test95.com","phone":"444555666","birthdate":"1989-10-12","owner":"685b51549a165800150caec3","__v":0},{"_id":"685b548d18142400152aeabb","firstName":"Carmen","lastName":"López","email":"contact5869@test45.com","phone":"777888999","birthdate":"1990-01-15","owner":"685b51549a165800150caec3","__v":0},{"_id":"685b549318142400152aeafa","firstName":"Carmen","lastName":"López","email":"contact1194@test71.com","phone":"888123456","birthdate":"1994-02-25","owner":"685b51549a165800150caec3","__v":0},{"_id":"685b54ba9a165800150cb145","firstName":"Carmen","lastName":"López","email":"contact2253@test8.com","phone":"123456789","birthdate":"1993-04-18","owner":"685b51549a165800150caec3","__v":0},{"_id":"685b626c9a165800150cbf99","firstName":"Carmen","lastName":"López","birthdate":"1991-07-30","email":"contact8157@test9.com","phone":"777888999","street1":"654 Maple Dr","street2":"Suite 150","city":"Valencia","stateProvince":"Canarias","postalCode":"46001","country":"Chile","owner":"685b51549a165800150caec3","__v":0},{"_id":"685b63b39a165800150cc1d0","firstName":"Carmen","lastName":"López","birthdate":"1992-11-08","email":"contact3917@test45.com","phone":"444555666","street1":"987 Cedar Ln","street2":"Apt 1A","city":"Málaga","stateProvince":"Castilla-La Mancha","postalCode":"48001","country":"Mexico","owner":"685b51549a165800150caec3","__v":0},{"_id":"685b54a318142400152aeba5","firstName":"Elena","lastName":"López","email":"contact3887@test24.com","phone":"777456789","birthdate":"1989-10-12","owner":"685b51549a165800150caec3","__v":0},{"_id":"685b54b618142400152aec4c","firstName":"Juan","lastName":"López","email":"contact6817@test24.com","phone":"666789123","birthdate":"1985-06-22","owner":"685b51549a165800150caec3","__v":0},{"_id":"685b616218142400152af9c6","firstName":"Laura","lastName":"López","birthdate":"1988-03-14","email":"contact2050@test12.com","phone":"888123456","street1":"147 Birch Ct","street2":"Suite 200","city":"Las Palmas","stateProvince":"Madrid","postalCode":"08001","country":"Mexico","owner":"685b51549a165800150caec3","__v":0},{"_id":"685b63b09a165800150cc1af","firstName":"Laura","lastName":"López","birthdate":"1990-01-15","email":"contact9753@test13.com","phone":"777456789","street1":"147 Birch Ct","street2":"Suite 200","city":"Las Palmas","stateProvince":"Canarias","postalCode":"08001","country":"ES","owner":"685b51549a165800150caec3","__v":0},{"_id":"685b54899a165800150caf2e","firstName":"María","lastName":"López","email":"contact5794@test76.com","phone":"888123456","birthdate":"1995-09-27","owner":"685b51549a165800150caec3","__v":0},{"_id":"685b54a29a165800150cb04b","firstName":"María","lastName":"López","email":"contact3954@test61.com","phone":"111222333","birthdate":"1988-03-14","owner":"685b51549a165800150caec3","__v":0},{"_id":"685b627318142400152afa94","firstName":"María","lastName":"López","birthdate":"1993-04-18","email":"contact50@test28.com","phone":"111222333","street1":"123 Main St","street2":"Unit D","city":"Málaga","stateProvince":"Andalucía","postalCode":"48001","country":"Ecuador","owner":"685b51549a165800150caec3","__v":0},{"_id":"685b63b69a165800150cc1ec","firstName":"María","lastName":"López","birthdate":"1985-06-22","email":"contact7927@test38.com","phone":"555123456","street1":"987 Cedar Ln","street2":"Floor 3","city":"Sevilla","stateProvince":"Murcia","postalCode":"08001","country":"Spain","owner":"685b51549a165800150caec3","__v":0},{"_id":"685b54949a165800150caf98","firstName":"Miguel","lastName":"López","email":"contact7319@test11.com","phone":"123456789","birthdate":"1989-10-12","owner":"685b51549a165800150caec3","__v":0},{"_id":"685b549f18142400152aeb6f","firstName":"Miguel","lastName":"López","email":"contact6564@test74.com","phone":"888123456","birthdate":"1991-07-30","owner":"685b51549a165800150caec3","__v":0},{"_id":"685b54a69a165800150cb081","firstName":"Miguel","lastName":"López","email":"contact1675@test34.com","phone":"987654321","birthdate":"1991-07-30","owner":"685b51549a165800150caec3","__v":0},{"_id":"685b54bc9a165800150cb155","firstName":"Miguel","lastName":"López","email":"contact1521@test50.com","phone":"987654321","birthdate":"1995-09-27","owner":"685b51549a165800150caec3","__v":0},{"_id":"685b616618142400152af9f0","firstName":"Miguel","lastName":"López","birthdate":"1995-09-27","email":"contact2523@test75.com","phone":"987654321","street1":"987 Cedar Ln","street2":"Suite 200","city":"Palma","stateProvince":"Galicia","postalCode":"29001","country":"Mexico","owner":"685b51549a165800150caec3","__v":0},{"_id":"685b626e18142400152afa6e","firstName":"Miguel","lastName":"López","birthdate":"1988-03-14","email":"contact2328@test63.com","phone":"888123456","street1":"369 Spruce Blvd","street2":"Unit B","city":"Valencia","stateProvince":"Valencia","postalCode":"46001","country":"ES","owner":"685b51549a165800150caec3","__v":0},{"_id":"685b548c18142400152aeab0","firstName":"Pedro","lastName":"López","email":"contact8050@test34.com","phone":"888123456","birthdate":"1995-09-27","owner":"685b51549a165800150caec3","__v":0},{"_id":"685b549518142400152aeb14","firstName":"Pedro","lastName":"López","email":"contact6944@test68.com","phone":"888123456","birthdate":"1990-01-15","owner":"685b51549a165800150caec3","__v":0},{"_id":"685b54ba18142400152aec6c","firstName":"Pedro","lastName":"López","email":"contact6936@test45.com","phone":"111222333","birthdate":"1994-02-25","owner":"685b51549a165800150caec3","__v":0},{"_id":"685b549f18142400152aeb72","firstName":"Roberto","lastName":"López","email":"contact7369@test35.com","phone":"888123456","birthdate":"1985-06-22","owner":"685b51549a165800150caec3","__v":0},{"_id":"685b54a69a165800150cb07b","firstName":"Roberto","lastName":"López","email":"contact4@test66.com","phone":"999654321","birthdate":"1989-10-12","owner":"685b51549a165800150caec3","__v":0},{"_id":"685b54b49a165800150cb10c","firstName":"Roberto","lastName":"López","email":"contact5464@test75.com","phone":"666789123","birthdate":"1989-10-12","owner":"685b51549a165800150caec3","__v":0},{"_id":"685b61689a165800150cbf35","firstName":"Roberto","lastName":"López","birthdate":"1992-11-08","email":"contact2628@test23.com","phone":"888123456","street1":"258 Willow Way","street2":"Suite 300","city":"Málaga","stateProvince":"Madrid","postalCode":"48001","country":"Mexico","owner":"685b51549a165800150caec3","__v":0},{"_id":"685b63b618142400152afce4","firstName":"Roberto","lastName":"López","birthdate":"1985-06-22","email":"contact1413@test85.com","phone":"666789123","street1":"147 Birch Ct","street2":"Unit B","city":"Zaragoza","stateProvince":"Andalucía","postalCode":"35001","country":"Chile","owner":"685b51549a165800150caec3","__v":0},{"_id":"685b54a118142400152aeb88","firstName":"Ana","lastName":"Martín","email":"contact5806@test75.com","phone":"111222333","birthdate":"1985-06-22","owner":"685b51549a165800150caec3","__v":0},{"_id":"685b54b69a165800150cb11e","firstName":"Ana","lastName":"Martín","email":"contact4310@test0.com","phone":"123456789","birthdate":"1994-02-25","owner":"685b51549a165800150caec3","__v":0},{"_id":"685b549918142400152aeb3c","firstName":"Carlos","lastName":"Martín","email":"contact6549@test31.com","phone":"999654321","birthdate":"1990-01-15","owner":"685b51549a165800150caec3","__v":0},{"_id":"685b54b69a165800150cb120","firstName":"Carlos","lastName":"Martín","email":"contact5301@test15.com","phone":"777888999","birthdate":"1985-06-22","owner":"685b51549a165800150caec3","__v":0},{"_id":"685b60e318142400152af97b","firstName":"Carlos","lastName":"Martín","birthdate":"1987-12-05","email":"contact8767@test95.com","phone":"777456789","street1":"987 Cedar Ln","street2":"Apt 4A","city":"Zaragoza","stateProvince":"Canarias","postalCode":"08001","country":"Venezuela","owner":"685b51549a165800150caec3","__v":0},{"_id":"685b627118142400152afa85","firstName":"Carlos","lastName":"Martín","birthdate":"1985-06-22","email":"contact52@test27.com","phone":"444555666","street1":"654 Maple Dr","street2":"Suite 300","city":"Zaragoza","stateProvince":"País Vasco","postalCode":"07001","country":"Mexico","owner":"685b51549a165800150caec3","__v":0},{"_id":"685b62719a165800150cbfce","firstName":"Carlos","lastName":"Martín","birthdate":"1995-09-27","email":"contact3167@test73.com","phone":"666789123","street1":"987 Cedar Ln","street2":"Floor 3","city":"Valencia","stateProvince":"Andalucía","postalCode":"46001","country":"España","owner":"685b51549a165800150caec3","__v":0},{"_id":"685b549d9a165800150cb010","firstName":"Carmen","lastName":"Martín","email":"contact4390@test24.com","phone":"777888999","birthdate":"1993-04-18","owner":"685b51549a165800150caec3","__v":0},{"_id":"685b54ad18142400152aec15","firstName":"Carmen","lastName":"Martín","email":"contact2898@test21.com","phone":"111222333","birthdate":"1988-03-14","owner":"685b51549a165800150caec3","__v":0},{"_id":"685b54b09a165800150cb0ef","firstName":"Carmen","lastName":"Martín","email":"contact1885@test53.com","phone":"888123456","birthdate":"1993-04-18","owner":"685b51549a165800150caec3","__v":0},{"_id":"685b54b218142400152aec37","firstName":"Carmen","lastName":"Martín","email":"contact5974@test60.com","phone":"777456789","birthdate":"1993-04-18","owner":"685b51549a165800150caec3","__v":0},{"_id":"685b54b418142400152aec43","firstName":"Carmen","lastName":"Martín","email":"contact46@test15.com","phone":"123456789","birthdate":"1995-09-27","owner":"685b51549a165800150caec3","__v":0},{"_id":"685b60e49a165800150cbeb2","firstName":"Carmen","lastName":"Martín","birthdate":"1988-03-14","email":"contact4165@test83.com","phone":"555123456","street1":"321 Elm St","street2":"Unit C","city":"Madrid","stateProvince":"Madrid","postalCode":"35001","country":"Argentina","owner":"685b51549a165800150caec3","__v":0},{"_id":"685b60e49a165800150cbeb5","firstName":"Carmen","lastName":"Martín","birthdate":"1995-09-27","email":"contact4511@test23.com","phone":"999654321","street1":"654 Maple Dr","street2":"Unit D","city":"Zaragoza","stateProvince":"Galicia","postalCode":"46001","country":"Venezuela","owner":"685b51549a165800150caec3","__v":0},{"_id":"685b616418142400152af9dd","firstName":"Carmen","lastName":"Martín","birthdate":"1990-01-15","email":"contact4845@test19.com","phone":"999654321","street1":"741 Aspen Pl","street2":"Suite 150","city":"Sevilla","stateProvince":"Madrid","postalCode":"46001","country":"ES","owner":"685b51549a165800150caec3","__v":0},{"_id":"685b62719a165800150cbfc8","firstName":"Carmen","lastName":"Martín","birthdate":"1989-10-12","email":"contact9942@test39.com","phone":"888123456","street1":"258 Willow Way","street2":"Suite 200","city":"Bilbao","stateProvince":"Galicia","postalCode":"41001","country":"Spain","owner":"685b51549a165800150caec3","__v":0},{"_id":"685b54a99a165800150cb0a3","firstName":"Elena","lastName":"Martín","email":"contact5226@test81.com","phone":"666789123","birthdate":"1990-01-15","owner":"685b51549a165800150caec3","__v":0},{"_id":"685b54b318142400152aec3a","firstName":"Elena","lastName":"Martín","email":"contact1228@test67.com","phone":"666789123","birthdate":"1991-07-30","owner":"685b51549a165800150caec3","__v":0},{"_id":"685b54b818142400152aec5f","firstName":"Elena","lastName":"Martín","email":"contact8670@test74.com","phone":"987654321","birthdate":"1994-02-25","owner":"685b51549a165800150caec3","__v":0},{"_id":"685b616318142400152af9d3","firstName":"Elena","lastName":"Martín","birthdate":"1992-11-08","email":"contact6563@test16.com","phone":"555123456","street1":"741 Aspen Pl","street2":"Apt 1A","city":"Sevilla","stateProvince":"Galicia","postalCode":"28001","country":"Argentina","owner":"685b51549a165800150caec3","__v":0},{"_id":"685b63b518142400152afcdb","firstName":"Elena","lastName":"Martín","birthdate":"1989-10-12","email":"contact1253@test6.com","phone":"666789123","street1":"456 Oak Ave","street2":"Unit C","city":"Las Palmas","stateProvince":"Castilla y León","postalCode":"28001","country":"Perú","owner":"685b51549a165800150caec3","__v":0},{"_id":"685b548118142400152aea5d","firstName":"Juan","lastName":"Martín","email":"contact3761@test27.com","phone":"666789123","birthdate":"1990-01-15","owner":"685b51549a165800150caec3","__v":0},{"_id":"685b548718142400152aea86","firstName":"Juan","lastName":"Martín","email":"contact5538@test70.com","phone":"444555666","birthdate":"1988-03-14","owner":"685b51549a165800150caec3","__v":0},{"_id":"685b549418142400152aeb01","firstName":"Juan","lastName":"Martín","email":"contact8052@test40.com","phone":"123456789","birthdate":"1992-11-08","owner":"685b51549a165800150caec3","__v":0},{"_id":"685b54959a165800150cafa1","firstName":"Juan","lastName":"Martín","email":"contact9384@test47.com","phone":"987654321","birthdate":"1995-09-27","owner":"685b51549a165800150caec3","__v":0},{"_id":"685b54b79a165800150cb124","firstName":"Juan","lastName":"Martín","email":"contact5691@test72.com","phone":"987654321","birthdate":"1985-06-22","owner":"685b51549a165800150caec3","__v":0},{"_id":"685b54b89a165800150cb12b","firstName":"Juan","lastName":"Martín","email":"contact8816@test99.com","phone":"777456789","birthdate":"1987-12-05","owner":"685b51549a165800150caec3","__v":0},{"_id":"685b60e39a165800150cbea9","firstName":"Juan","lastName":"Martín","birthdate":"1989-10-12","email":"contact6820@test30.com","phone":"123456789","street1":"369 Spruce Blvd","street2":"Apt 4A","city":"Murcia","stateProvince":"Andalucía","postalCode":"30001","country":"ES","owner":"685b51549a165800150caec3","__v":0},{"_id":"685b61689a165800150cbf38","firstName":"Juan","lastName":"Martín","birthdate":"1994-02-25","email":"contact8039@test52.com","phone":"777888999","street1":"654 Maple Dr","street2":"Suite 300","city":"Málaga","stateProvince":"Galicia","postalCode":"28001","country":"Perú","owner":"685b51549a165800150caec3","__v":0},{"_id":"685b616a18142400152afa0a","firstName":"Juan","lastName":"Martín","birthdate":"1993-04-18","email":"contact8721@test5.com","phone":"999654321","street1":"123 Main St","street2":"Apt 4A","city":"Barcelona","stateProvince":"Canarias","postalCode":"41001","country":"Argentina","owner":"685b51549a165800150caec3","__v":0},{"_id":"685b54989a165800150cafcd","firstName":"Laura","lastName":"Martín","email":"contact7663@test17.com","phone":"777456789","birthdate":"1995-09-27","owner":"685b51549a165800150caec3","__v":0},{"_id":"685b549a18142400152aeb47","firstName":"Laura","lastName":"Martín","email":"contact8809@test57.com","phone":"777456789","birthdate":"1994-02-25","owner":"685b51549a165800150caec3","__v":0},{"_id":"685b549a18142400152aeb49","firstName":"Laura","lastName":"Martín","email":"contact3653@test42.com","phone":"999654321","birthdate":"1988-03-14","owner":"685b51549a165800150caec3","__v":0},{"_id":"685b549d9a165800150cb00e","firstName":"Laura","lastName":"Martín","email":"contact536@test19.com","phone":"444555666","birthdate":"1987-12-05","owner":"685b51549a165800150caec3","__v":0},{"_id":"685b54b618142400152aec54","firstName":"Laura","lastName":"Martín","email":"contact7248@test30.com","phone":"666789123","birthdate":"1987-12-05","owner":"685b51549a165800150caec3","__v":0},{"_id":"685b54b718142400152aec58","firstName":"Laura","lastName":"Martín","email":"contact8632@test33.com","phone":"111222333","birthdate":"1989-10-12","owner":"685b51549a165800150caec3","__v":0},{"_id":"685b627018142400152afa7e","firstName":"Laura","lastName":"Martín","birthdate":"1987-12-05","email":"contact6578@test78.com","phone":"888123456","street1":"987 Cedar Ln","street2":"Apt 4A","city":"Málaga","stateProvince":"Canarias","postalCode":"35001","country":"Venezuela","owner":"685b51549a165800150caec3","__v":0},{"_id":"685b54bd9a165800150cb157","firstName":"María","lastName":"Martín","email":"contact2441@test0.com","phone":"987654321","birthdate":"1989-10-12","owner":"685b51549a165800150caec3","__v":0},{"_id":"685b60e318142400152af981","firstName":"María","lastName":"Martín","birthdate":"1994-02-25","email":"contact5730@test30.com","phone":"777456789","street1":"456 Oak Ave","street2":"Unit B","city":"Madrid","stateProvince":"Andalucía","postalCode":"46001","country":"Perú","owner":"685b51549a165800150caec3","__v":0},{"_id":"685b60e59a165800150cbeba","firstName":"María","lastName":"Martín","birthdate":"1985-06-22","email":"contact3060@test32.com","phone":"999654321","street1":"123 Main St","street2":"Apt 2B","city":"Málaga","stateProvince":"Andalucía","postalCode":"41001","country":"España","owner":"685b51549a165800150caec3","__v":0},{"_id":"685b616718142400152af9f9","firstName":"María","lastName":"Martín","birthdate":"1990-01-15","email":"contact2423@test68.com","phone":"555123456","street1":"654 Maple Dr","street2":"Apt 1A","city":"Valencia","stateProvince":"Murcia","postalCode":"41001","country":"Ecuador","owner":"685b51549a165800150caec3","__v":0},{"_id":"685b626f18142400152afa77","firstName":"María","lastName":"Martín","birthdate":"1988-03-14","email":"contact8426@test66.com","phone":"999654321","street1":"654 Maple Dr","street2":"Unit D","city":"Las Palmas","stateProvince":"Cataluña","postalCode":"30001","country":"Perú","owner":"685b51549a165800150caec3","__v":0},{"_id":"685b548618142400152aea7f","firstName":"Miguel","lastName":"Martín","email":"contact8699@test3.com","phone":"777888999","birthdate":"1987-12-05","owner":"685b51549a165800150caec3","__v":0},{"_id":"685b549218142400152aeae8","firstName":"Miguel","lastName":"Martín","email":"contact4109@test94.com","phone":"777456789","birthdate":"1990-01-15","owner":"685b51549a165800150caec3","__v":0},{"_id":"685b54bb9a165800150cb149","firstName":"Miguel","lastName":"Martín","email":"contact83
[...]
1 > Content-Length: 57
1 > Host: thinking-tester-contact-list.herokuapp.com
1 > Connection: Keep-Alive
1 > User-Agent: Apache-HttpClient/4.5.13 (Java/17.0.6)
1 > Accept-Encoding: gzip,deflate
{"email":"andresprueba@hotmail.com","password":"1234567"}

18:42:04.817 [main] DEBUG com.intuit.karate - response time in milliseconds: 372
1 < 200
1 < Server: Cowboy
1 < Report-To: {"group":"heroku-nel","max_age":3600,"endpoints":[{"url":"https://nel.heroku.com/reports?ts=1750981324&sid=af571f24-03ee-46d1-9f90-ab9030c2c74c&s=EkxdqYFyaL7%2FhQpTGYeWwOHceQdBxsl%2F2eQhxbjOb5Q%3D"}]}
1 < Reporting-Endpoints: heroku-nel=https://nel.heroku.com/reports?ts=1750981324&sid=af571f24-03ee-46d1-9f90-ab9030c2c74c&s=EkxdqYFyaL7%2FhQpTGYeWwOHceQdBxsl%2F2eQhxbjOb5Q%3D
1 < Nel: {"report_to":"heroku-nel","max_age":3600,"success_fraction":0.005,"failure_fraction":0.05,"response_headers":["Via"]}
1 < Connection: keep-alive
1 < X-Powered-By: Express
1 < Set-Cookie: token=eyJhbGciOiJIUzI1NiIsInR5cCI6IkpXVCJ9.eyJfaWQiOiI2ODViNTE1NDlhMTY1ODAwMTUwY2FlYzMiLCJpYXQiOjE3NTA5ODEzMjR9.q0i11Kxcyf1QBBx-wfYM7DIxQkBsrGgxgr-nH7w6uAc; Max-Age=36000; Path=/; Expires=Fri, 27 Jun 2025 09:42:04 GMT
1 < Content-Type: application/json; charset=utf-8
1 < Content-Length: 293
1 < Etag: W/"125-luX5E94iJ/mzVbrBGSO9LNUnGnY"
1 < Date: Thu, 26 Jun 2025 23:42:04 GMT
1 < Via: 1.1 vegur
{"user":{"_id":"685b51549a165800150caec3","firstName":"Andres","lastName":"Guillermo","email":"andresprueba@hotmail.com","__v":1273},"token":"eyJhbGciOiJIUzI1NiIsInR5cCI6IkpXVCJ9.eyJfaWQiOiI2ODViNTE1NDlhMTY1ODAwMTUwY2FlYzMiLCJpYXQiOjE3NTA5ODEzMjR9.q0i11Kxcyf1QBBx-wfYM7DIxQkBsrGgxgr-nH7w6uAc"}

18:42:04.819 [main] INFO  com.intuit.karate - [print] Token obtenido: eyJhbGciOiJIUzI1NiIsInR5cCI6IkpXVCJ9.eyJfaWQiOiI2ODViNTE1NDlhMTY1ODAwMTUwY2FlYzMiLCJpYXQiOjE3NTA5ODEzMjR9.q0i11Kxcyf1QBBx-wfYM7DIxQkBsrGgxgr-nH7w6uAc 
18:42:04.822 [main] DEBUG com.intuit.karate - request:
2 > POST https://thinking-tester-contact-list.herokuapp.com/contacts
2 > Accept: application/json
2 > Content-Type: application/json; charset=UTF-8
2 > Authorization: Bearer eyJhbGciOiJIUzI1NiIsInR5cCI6IkpXVCJ9.eyJfaWQiOiI2ODViNTE1NDlhMTY1ODAwMTUwY2FlYzMiLCJpYXQiOjE3NTA5ODEzMjR9.q0i11Kxcyf1QBBx-wfYM7DIxQkBsrGgxgr-nH7w6uAc
2 > Cookie: token=eyJhbGciOiJIUzI1NiIsInR5cCI6IkpXVCJ9.eyJfaWQiOiI2ODViNTE1NDlhMTY1ODAwMTUwY2FlYzMiLCJpYXQiOjE3NTA5ODEzMjR9.q0i11Kxcyf1QBBx-wfYM7DIxQkBsrGgxgr-nH7w6uAc
2 > Content-Length: 269
2 > Host: thinking-tester-contact-list.herokuapp.com
2 > Connection: Keep-Alive
2 > User-Agent: Apache-HttpClient/4.5.13 (Java/17.0.6)
2 > Accept-Encoding: gzip,deflate
{"firstName":"Primer","lastName":"Contacto","birthdate":"1990-01-01","email":"duplicate_1750981324820@test.com","phone":"123456789","street1":"123 First St","street2":"Apt 1","city":"FirstCity","stateProvince":"FirstState","postalCode":"12345","country":"FirstCountry"}

18:42:05.096 [main] DEBUG com.intuit.karate - response time in milliseconds: 274
2 < 201
2 < Server: Cowboy
2 < Report-To: {"group":"heroku-nel","max_age":3600,"endpoints":[{"url":"https://nel.heroku.com/reports?ts=1750981324&sid=af571f24-03ee-46d1-9f90-ab9030c2c74c&s=EkxdqYFyaL7%2FhQpTGYeWwOHceQdBxsl%2F2eQhxbjOb5Q%3D"}]}
2 < Reporting-Endpoints: heroku-nel=https://nel.heroku.com/reports?ts=1750981324&sid=af571f24-03ee-46d1-9f90-ab9030c2c74c&s=EkxdqYFyaL7%2FhQpTGYeWwOHceQdBxsl%2F2eQhxbjOb5Q%3D
2 < Nel: {"report_to":"heroku-nel","max_age":3600,"success_fraction":0.005,"failure_fraction":0.05,"response_headers":["Via"]}
2 < Connection: keep-alive
2 < X-Powered-By: Express
2 < Content-Type: application/json; charset=utf-8
2 < Content-Length: 345
2 < Etag: W/"159-JrRJg0Bsq7Yx4dyngfDOPJ2kS+Y"
2 < Date: Thu, 26 Jun 2025 23:42:04 GMT
2 < Via: 1.1 vegur
{"_id":"685ddaccdb9fd00015ca3388","firstName":"Primer","lastName":"Contacto","birthdate":"1990-01-01","email":"duplicate_1750981324820@test.com","phone":"123456789","street1":"123 First St","street2":"Apt 1","city":"FirstCity","stateProvince":"FirstState","postalCode":"12345","country":"FirstCountry","owner":"685b51549a165800150caec3","__v":0}

18:42:05.098 [main] INFO  com.intuit.karate - [print] Primer contacto creado con email: duplicate_1750981324820@test.com 
18:42:05.099 [main] DEBUG com.intuit.karate - request:
3 > POST https://thinking-tester-contact-list.herokuapp.com/contacts
3 > Accept: application/json
3 > Content-Type: application/json; charset=UTF-8
3 > Authorization: Bearer eyJhbGciOiJIUzI1NiIsInR5cCI6IkpXVCJ9.eyJfaWQiOiI2ODViNTE1NDlhMTY1ODAwMTUwY2FlYzMiLCJpYXQiOjE3NTA5ODEzMjR9.q0i11Kxcyf1QBBx-wfYM7DIxQkBsrGgxgr-nH7w6uAc
3 > Cookie: token=eyJhbGciOiJIUzI1NiIsInR5cCI6IkpXVCJ9.eyJfaWQiOiI2ODViNTE1NDlhMTY1ODAwMTUwY2FlYzMiLCJpYXQiOjE3NTA5ODEzMjR9.q0i11Kxcyf1QBBx-wfYM7DIxQkBsrGgxgr-nH7w6uAc
3 > Content-Length: 274
3 > Host: thinking-tester-contact-list.herokuapp.com
3 > Connection: Keep-Alive
3 > User-Agent: Apache-HttpClient/4.5.13 (Java/17.0.6)
3 > Accept-Encoding: gzip,deflate
{"firstName":"Segundo","lastName":"Contacto","birthdate":"1991-02-02","email":"duplicate_1750981324820@test.com","phone":"987654321","street1":"456 Second St","street2":"Apt 2","city":"SecondCity","stateProvince":"SecondState","postalCode":"54321","country":"SecondCountry"}

18:42:05.371 [main] DEBUG com.intuit.karate - response time in milliseconds: 272
3 < 201
3 < Server: Cowboy
3 < Report-To: {"group":"heroku-nel","max_age":3600,"endpoints":[{"url":"https://nel.heroku.com/reports?ts=1750981324&sid=af571f24-03ee-46d1-9f90-ab9030c2c74c&s=EkxdqYFyaL7%2FhQpTGYeWwOHceQdBxsl%2F2eQhxbjOb5Q%3D"}]}
3 < Reporting-Endpoints: heroku-nel=https://nel.heroku.com/reports?ts=1750981324&sid=af571f24-03ee-46d1-9f90-ab9030c2c74c&s=EkxdqYFyaL7%2FhQpTGYeWwOHceQdBxsl%2F2eQhxbjOb5Q%3D
3 < Nel: {"report_to":"heroku-nel","max_age":3600,"success_fraction":0.005,"failure_fraction":0.05,"response_headers":["Via"]}
3 < Connection: keep-alive
3 < X-Powered-By: Express
3 < Content-Type: application/json; charset=utf-8
3 < Content-Length: 350
3 < Etag: W/"15e-UdvE/1Y6W3a7NEVWVENR/0hK6cQ"
3 < Date: Thu, 26 Jun 2025 23:42:04 GMT
3 < Via: 1.1 vegur
{"_id":"685ddacc1f03bf00153ef426","firstName":"Segundo","lastName":"Contacto","birthdate":"1991-02-02","email":"duplicate_1750981324820@test.com","phone":"987654321","street1":"456 Second St","street2":"Apt 2","city":"SecondCity","stateProvince":"SecondState","postalCode":"54321","country":"SecondCountry","owner":"685b51549a165800150caec3","__v":0}

18:42:05.372 [main] ERROR com.intuit.karate - classpath:org/udea/parabank/create-contact.feature:176
Then status 403
status code was: 201, expected: 403, response time in milliseconds: 272, url: https://thinking-tester-contact-list.herokuapp.com/contacts, response: 
{"_id":"685ddacc1f03bf00153ef426","firstName":"Segundo","lastName":"Contacto","birthdate":"1991-02-02","email":"duplicate_1750981324820@test.com","phone":"987654321","street1":"456 Second St","street2":"Apt 2","city":"SecondCity","stateProvince":"SecondState","postalCode":"54321","country":"SecondCountry","owner":"685b51549a165800150caec3","__v":0}
classpath:org/udea/parabank/create-contact.feature:176
]]></system-out>
  </testcase>
  <testcase name="[6:179] Crear múltiples contactos con datos dinámicos usando Faker" classname="org/udea/parabank/create-contact" time="0.802">
    <system-out><![CDATA[18:42:05.379 [main] DEBUG com.intuit.karate - request:
1 > POST https://thinking-tester-contact-list.herokuapp.com/users/login
1 > Accept: application/json
1 > Content-Type: application/json; charset=UTF-8
1 > Content-Length: 57
1 > Host: thinking-tester-contact-list.herokuapp.com
1 > Connection: Keep-Alive
1 > User-Agent: Apache-HttpClient/4.5.13 (Java/17.0.6)
1 > Accept-Encoding: gzip,deflate
{"email":"andresprueba@hotmail.com","password":"1234567"}

18:42:05.747 [main] DEBUG com.intuit.karate - response time in milliseconds: 367
1 < 200
1 < Server: Cowboy
1 < Report-To: {"group":"heroku-nel","max_age":3600,"endpoints":[{"url":"https://nel.heroku.com/reports?ts=1750981325&sid=af571f24-03ee-46d1-9f90-ab9030c2c74c&s=AtMfvKp9OTPqi9v5%2BaPtRbBs9%2B86YcQWLeWs4iUcbOg%3D"}]}
1 < Reporting-Endpoints: heroku-nel=https://nel.heroku.com/reports?ts=1750981325&sid=af571f24-03ee-46d1-9f90-ab9030c2c74c&s=AtMfvKp9OTPqi9v5%2BaPtRbBs9%2B86YcQWLeWs4iUcbOg%3D
1 < Nel: {"report_to":"heroku-nel","max_age":3600,"success_fraction":0.005,"failure_fraction":0.05,"response_headers":["Via"]}
1 < Connection: keep-alive
1 < X-Powered-By: Express
1 < Set-Cookie: token=eyJhbGciOiJIUzI1NiIsInR5cCI6IkpXVCJ9.eyJfaWQiOiI2ODViNTE1NDlhMTY1ODAwMTUwY2FlYzMiLCJpYXQiOjE3NTA5ODEzMjV9.YsD06a6aFDP1HcWtsiL4e6TUG7AxfwxCaAhsqv_iZpQ; Max-Age=36000; Path=/; Expires=Fri, 27 Jun 2025 09:42:05 GMT
1 < Content-Type: application/json; charset=utf-8
1 < Content-Length: 293
1 < Etag: W/"125-wq1sEaFCPc0WcQZxuGS4gPgTUik"
1 < Date: Thu, 26 Jun 2025 23:42:05 GMT
1 < Via: 1.1 vegur
{"user":{"_id":"685b51549a165800150caec3","firstName":"Andres","lastName":"Guillermo","email":"andresprueba@hotmail.com","__v":1274},"token":"eyJhbGciOiJIUzI1NiIsInR5cCI6IkpXVCJ9.eyJfaWQiOiI2ODViNTE1NDlhMTY1ODAwMTUwY2FlYzMiLCJpYXQiOjE3NTA5ODEzMjV9.YsD06a6aFDP1HcWtsiL4e6TUG7AxfwxCaAhsqv_iZpQ"}

18:42:05.749 [main] INFO  com.intuit.karate - [print] Token obtenido: eyJhbGciOiJIUzI1NiIsInR5cCI6IkpXVCJ9.eyJfaWQiOiI2ODViNTE1NDlhMTY1ODAwMTUwY2FlYzMiLCJpYXQiOjE3NTA5ODEzMjV9.YsD06a6aFDP1HcWtsiL4e6TUG7AxfwxCaAhsqv_iZpQ 
18:42:05.750 [main] DEBUG c.intuit.karate.core.ScenarioEngine - over-writing existing variable 'faker' with new value: new faker()
18:42:05.902 [main] DEBUG com.intuit.karate - request:
2 > POST https://thinking-tester-contact-list.herokuapp.com/contacts
2 > Accept: application/json
2 > Content-Type: application/json; charset=UTF-8
2 > Authorization: Bearer eyJhbGciOiJIUzI1NiIsInR5cCI6IkpXVCJ9.eyJfaWQiOiI2ODViNTE1NDlhMTY1ODAwMTUwY2FlYzMiLCJpYXQiOjE3NTA5ODEzMjV9.YsD06a6aFDP1HcWtsiL4e6TUG7AxfwxCaAhsqv_iZpQ
2 > Cookie: token=eyJhbGciOiJIUzI1NiIsInR5cCI6IkpXVCJ9.eyJfaWQiOiI2ODViNTE1NDlhMTY1ODAwMTUwY2FlYzMiLCJpYXQiOjE3NTA5ODEzMjV9.YsD06a6aFDP1HcWtsiL4e6TUG7AxfwxCaAhsqv_iZpQ
2 > Content-Length: 269
2 > Host: thinking-tester-contact-list.herokuapp.com
2 > Connection: Keep-Alive
2 > User-Agent: Apache-HttpClient/4.5.13 (Java/17.0.6)
2 > Accept-Encoding: gzip,deflate
{"firstName":"Marianna","lastName":"Lebsack","birthdate":"1990-01-01","email":"jaunita.runolfsson@hotmail.com","phone":"624195957","street1":"123 Faker St","street2":"Apt 1","city":"Andersonland","stateProvince":"TestState","postalCode":"12345","country":"TestCountry"}

18:42:06.175 [main] DEBUG com.intuit.karate - response time in milliseconds: 273
2 < 201
2 < Server: Cowboy
2 < Report-To: {"group":"heroku-nel","max_age":3600,"endpoints":[{"url":"https://nel.heroku.com/reports?ts=1750981325&sid=af571f24-03ee-46d1-9f90-ab9030c2c74c&s=AtMfvKp9OTPqi9v5%2BaPtRbBs9%2B86YcQWLeWs4iUcbOg%3D"}]}
2 < Reporting-Endpoints: heroku-nel=https://nel.heroku.com/reports?ts=1750981325&sid=af571f24-03ee-46d1-9f90-ab9030c2c74c&s=AtMfvKp9OTPqi9v5%2BaPtRbBs9%2B86YcQWLeWs4iUcbOg%3D
2 < Nel: {"report_to":"heroku-nel","max_age":3600,"success_fraction":0.005,"failure_fraction":0.05,"response_headers":["Via"]}
2 < Connection: keep-alive
2 < X-Powered-By: Express
2 < Content-Type: application/json; charset=utf-8
2 < Content-Length: 345
2 < Etag: W/"159-b2rwlivqYK1TrsVIA/of57lsglw"
2 < Date: Thu, 26 Jun 2025 23:42:05 GMT
2 < Via: 1.1 vegur
{"_id":"685ddacddb9fd00015ca338a","firstName":"Marianna","lastName":"Lebsack","birthdate":"1990-01-01","email":"jaunita.runolfsson@hotmail.com","phone":"624195957","street1":"123 Faker St","street2":"Apt 1","city":"Andersonland","stateProvince":"TestState","postalCode":"12345","country":"TestCountry","owner":"685b51549a165800150caec3","__v":0}

]]></system-out>
  </testcase>
  <testcase name="[7:213] Recuperar contacto vía API inmediatamente después de crearlo" classname="org/udea/parabank/create-contact" time="1.822">
    <system-out><![CDATA[18:42:06.184 [main] DEBUG com.intuit.karate - request:
1 > POST https://thinking-tester-contact-list.herokuapp.com/users/login
1 > Accept: application/json
1 > Content-Type: application/json; charset=UTF-8
1 > Content-Length: 57
1 > Host: thinking-tester-contact-list.herokuapp.com
1 > Connection: Keep-Alive
1 > User-Agent: Apache-HttpClient/4.5.13 (Java/17.0.6)
1 > Accept-Encoding: gzip,deflate
{"email":"andresprueba@hotmail.com","password":"1234567"}

18:42:06.554 [main] DEBUG com.intuit.karate - response time in milliseconds: 370
1 < 200
1 < Server: Cowboy
1 < Report-To: {"group":"heroku-nel","max_age":3600,"endpoints":[{"url":"https://nel.heroku.com/reports?ts=1750981325&sid=af571f24-03ee-46d1-9f90-ab9030c2c74c&s=AtMfvKp9OTPqi9v5%2BaPtRbBs9%2B86YcQWLeWs4iUcbOg%3D"}]}
1 < Reporting-Endpoints: heroku-nel=https://nel.heroku.com/reports?ts=1750981325&sid=af571f24-03ee-46d1-9f90-ab9030c2c74c&s=AtMfvKp9OTPqi9v5%2BaPtRbBs9%2B86YcQWLeWs4iUcbOg%3D
1 < Nel: {"report_to":"heroku-nel","max_age":3600,"success_fraction":0.005,"failure_fraction":0.05,"response_headers":["Via"]}
1 < Connection: keep-alive
1 < X-Powered-By: Express
1 < Set-Cookie: token=eyJhbGciOiJIUzI1NiIsInR5cCI6IkpXVCJ9.eyJfaWQiOiI2ODViNTE1NDlhMTY1ODAwMTUwY2FlYzMiLCJpYXQiOjE3NTA5ODEzMjZ9.a8DZYFyBTwhMcwtcdWFYZi0Q9K_EaPPFJvOPZn_WOdg; Max-Age=36000; Path=/; Expires=Fri, 27 Jun 2025 09:42:06 GMT
1 < Content-Type: application/json; charset=utf-8
1 < Content-Length: 293
1 < Etag: W/"125-I95mtfvGDfGmXcZevjPmIUvc/24"
1 < Date: Thu, 26 Jun 2025 23:42:06 GMT
1 < Via: 1.1 vegur
{"user":{"_id":"685b51549a165800150caec3","firstName":"Andres","lastName":"Guillermo","email":"andresprueba@hotmail.com","__v":1275},"token":"eyJhbGciOiJIUzI1NiIsInR5cCI6IkpXVCJ9.eyJfaWQiOiI2ODViNTE1NDlhMTY1ODAwMTUwY2FlYzMiLCJpYXQiOjE3NTA5ODEzMjZ9.a8DZYFyBTwhMcwtcdWFYZi0Q9K_EaPPFJvOPZn_WOdg"}

18:42:06.555 [main] INFO  com.intuit.karate - [print] Token obtenido: eyJhbGciOiJIUzI1NiIsInR5cCI6IkpXVCJ9.eyJfaWQiOiI2ODViNTE1NDlhMTY1ODAwMTUwY2FlYzMiLCJpYXQiOjE3NTA5ODEzMjZ9.a8DZYFyBTwhMcwtcdWFYZi0Q9K_EaPPFJvOPZn_WOdg 
18:42:06.559 [main] DEBUG com.intuit.karate - request:
2 > POST https://thinking-tester-contact-list.herokuapp.com/contacts
2 > Accept: application/json
2 > Content-Type: application/json; charset=UTF-8
2 > Authorization: Bearer eyJhbGciOiJIUzI1NiIsInR5cCI6IkpXVCJ9.eyJfaWQiOiI2ODViNTE1NDlhMTY1ODAwMTUwY2FlYzMiLCJpYXQiOjE3NTA5ODEzMjZ9.a8DZYFyBTwhMcwtcdWFYZi0Q9K_EaPPFJvOPZn_WOdg
2 > Cookie: token=eyJhbGciOiJIUzI1NiIsInR5cCI6IkpXVCJ9.eyJfaWQiOiI2ODViNTE1NDlhMTY1ODAwMTUwY2FlYzMiLCJpYXQiOjE3NTA5ODEzMjZ9.a8DZYFyBTwhMcwtcdWFYZi0Q9K_EaPPFJvOPZn_WOdg
2 > Content-Length: 263
2 > Host: thinking-tester-contact-list.herokuapp.com
2 > Connection: Keep-Alive
2 > User-Agent: Apache-HttpClient/4.5.13 (Java/17.0.6)
2 > Accept-Encoding: gzip,deflate
{"firstName":"Carlos","lastName":"Ruiz","birthdate":"1988-12-10","email":"retrieve_test_1750981326557@karate.com","phone":"555123456","street1":"789 Pine Rd","street2":"Unit C","city":"Valencia","stateProvince":"Valencia","postalCode":"46001","country":"España"}

18:42:06.831 [main] DEBUG com.intuit.karate - response time in milliseconds: 271
2 < 201
2 < Server: Cowboy
2 < Report-To: {"group":"heroku-nel","max_age":3600,"endpoints":[{"url":"https://nel.heroku.com/reports?ts=1750981326&sid=af571f24-03ee-46d1-9f90-ab9030c2c74c&s=hug93y2SpBt3cYVyPhpMr8ntKKEFHtWkz5lo4bH90pw%3D"}]}
2 < Reporting-Endpoints: heroku-nel=https://nel.heroku.com/reports?ts=1750981326&sid=af571f24-03ee-46d1-9f90-ab9030c2c74c&s=hug93y2SpBt3cYVyPhpMr8ntKKEFHtWkz5lo4bH90pw%3D
2 < Nel: {"report_to":"heroku-nel","max_age":3600,"success_fraction":0.005,"failure_fraction":0.05,"response_headers":["Via"]}
2 < Connection: keep-alive
2 < X-Powered-By: Express
2 < Content-Type: application/json; charset=utf-8
2 < Content-Length: 339
2 < Etag: W/"153-6QyWM6UdkXYh5kw2CbiyEZgwvPA"
2 < Date: Thu, 26 Jun 2025 23:42:06 GMT
2 < Via: 1.1 vegur
{"_id":"685ddacedb9fd00015ca338b","firstName":"Carlos","lastName":"Ruiz","birthdate":"1988-12-10","email":"retrieve_test_1750981326557@karate.com","phone":"555123456","street1":"789 Pine Rd","street2":"Unit C","city":"Valencia","stateProvince":"Valencia","postalCode":"46001","country":"España","owner":"685b51549a165800150caec3","__v":0}

18:42:06.843 [main] DEBUG com.intuit.karate - request:
3 > GET https://thinking-tester-contact-list.herokuapp.com/contacts/685ddacedb9fd00015ca338b
3 > Accept: application/json
3 > Content-Type: application/json
3 > Authorization: Bearer eyJhbGciOiJIUzI1NiIsInR5cCI6IkpXVCJ9.eyJfaWQiOiI2ODViNTE1NDlhMTY1ODAwMTUwY2FlYzMiLCJpYXQiOjE3NTA5ODEzMjZ9.a8DZYFyBTwhMcwtcdWFYZi0Q9K_EaPPFJvOPZn_WOdg
3 > Cookie: token=eyJhbGciOiJIUzI1NiIsInR5cCI6IkpXVCJ9.eyJfaWQiOiI2ODViNTE1NDlhMTY1ODAwMTUwY2FlYzMiLCJpYXQiOjE3NTA5ODEzMjZ9.a8DZYFyBTwhMcwtcdWFYZi0Q9K_EaPPFJvOPZn_WOdg
3 > Host: thinking-tester-contact-list.herokuapp.com
3 > Connection: Keep-Alive
3 > User-Agent: Apache-HttpClient/4.5.13 (Java/17.0.6)
3 > Accept-Encoding: gzip,deflate


18:42:07.111 [main] DEBUG com.intuit.karate - response time in milliseconds: 268
3 < 200
3 < Server: Cowboy
3 < Report-To: {"group":"heroku-nel","max_age":3600,"endpoints":[{"url":"https://nel.heroku.com/reports?ts=1750981326&sid=af571f24-03ee-46d1-9f90-ab9030c2c74c&s=hug93y2SpBt3cYVyPhpMr8ntKKEFHtWkz5lo4bH90pw%3D"}]}
3 < Reporting-Endpoints: heroku-nel=https://nel.heroku.com/reports?ts=1750981326&sid=af571f24-03ee-46d1-9f90-ab9030c2c74c&s=hug93y2SpBt3cYVyPhpMr8ntKKEFHtWkz5lo4bH90pw%3D
3 < Nel: {"report_to":"heroku-nel","max_age":3600,"success_fraction":0.005,"failure_fraction":0.05,"response_headers":["Via"]}
3 < Connection: keep-alive
3 < X-Powered-By: Express
3 < Content-Type: application/json; charset=utf-8
3 < Content-Length: 339
3 < Etag: W/"153-6QyWM6UdkXYh5kw2CbiyEZgwvPA"
3 < Date: Thu, 26 Jun 2025 23:42:06 GMT
3 < Via: 1.1 vegur
{"_id":"685ddacedb9fd00015ca338b","firstName":"Carlos","lastName":"Ruiz","birthdate":"1988-12-10","email":"retrieve_test_1750981326557@karate.com","phone":"555123456","street1":"789 Pine Rd","street2":"Unit C","city":"Valencia","stateProvince":"Valencia","postalCode":"46001","country":"España","owner":"685b51549a165800150caec3","__v":0}

---------------------------------------------------------
feature: classpath:org/udea/parabank/create-contact.feature
scenarios:  7 | passed:  5 | failed:  2 | time: 6,4720
---------------------------------------------------------

Karate version: 1.3.1
======================================================
elapsed:   8,15 | threads:    1 | thread time: 6,47 
features:     1 | skipped:    0 | efficiency: 0,79
scenarios:    7 | passed:     5 | failed: 2
======================================================
>>> failed features:
status code was: 400, expected: 200, response time in milliseconds: 273, url: https://thinking-tester-contact-list.herokuapp.com/contacts, response: 
{"errors":{"lastName":{"name":"ValidatorError","message":"Path `lastName` is required.","properties":{"message":"Path `lastName` is required.","type":"required","path":"lastName"},"kind":"required","path":"lastName"}},"_message":"Contact validation failed","message":"Contact validation failed: lastName: Path `lastName` is required."}
classpath:org/udea/parabank/create-contact.feature:129
status code was: 201, expected: 403, response time in milliseconds: 272, url: https://thinking-tester-contact-list.herokuapp.com/contacts, response: 
{"_id":"685ddacc1f03bf00153ef426","firstName":"Segundo","lastName":"Contacto","birthdate":"1991-02-02","email":"duplicate_1750981324820@test.com","phone":"987654321","street1":"456 Second St","street2":"Apt 2","city":"SecondCity","stateProvince":"SecondState","postalCode":"54321","country":"SecondCountry","owner":"685b51549a165800150caec3","__v":0}
classpath:org/udea/parabank/create-contact.feature:176
<<<

HTML report: (paste into browser to view) | Karate version: 1.3.1
file:///E:/Proyectos/TallerAutomatizacion_Karate-main/target/karate-reports/karate-summary.html
===================================================================

]]></system-out>
  </testcase>
</testsuite>